nohup: ignoring input
['MgcUpeDVD', 'MffRLsQ9t', 'MgcJy91T0', 'Mgdykg1zJ', 'MfRT9hzV1', 'MfcUiekwf', 'Mfg1Gqdgl', 'MgeOts07v', 'MfhD89tg7', 'MgdHWz8pw', 'Mgc5llzLw', 'MfDg1EIHZ', 'Mg6NY45Ow', 'MgbTC9j89', 'MfHQjbxte', 'MgfNvfLn2', 'MgezSE6Pm', 'MfusG2ygk', 'MgedWyvfq', 'MgetH6lCD', 'MfxZSiEdr', 'MfAs8zN5C', 'MfAd6lsuK', 'MfILJdtK6', 'Mfghv8pYY', 'MgbZFnvnj', 'MfHRutqTV', 'Mgg0KFqtN', 'MfigYr2PX', 'Mfgc7cVjr', 'MgbYrauSx', 'Mg6L8r3kl', 'MfIMI81Mm', 'MfTLWB7FB', 'MfzFDE7J6', 'MfrSNab2F', 'MgfRAsLW5', 'MfgGaz8on', 'MgeipnPK3', 'MgkJyzMpZ', 'MgfJ2EIRv', 'MfRsD7h3q', 'MgqdehT6g', 'MgjKWuCBo', 'Mgfu2aGk0', 'Mfhza47Ik', 'MgbNlg6Xs', 'MfwNP9zo1', 'MfixK45gI', 'MfgCW2z0C', 'Mfd6DyKvG', 'MgcNVE0OG', 'MfvQF0SSH', 'MfoSY9qr6', 'Mfg2vcsQn', 'MffMAAJz3', 'MgdZUBDpG', 'MfY1KkKZb', 'Mfjk4i2bP', 'MffWhkYnL', 'MgnNegDOI', 'MgmlppXCY', 'MgjvImEMe', 'MgeqSePum', 'MgdPYaKm0', 'MfhRGBqkk', 'MfhoW8IEi', 'MgpOZESKC', 'MggXgeM14', 'MgeLUd1lQ', 'MgebluPNs', 'Mg5AYpsjK', 'MfQkoaDwT', 'MfNM1faAB', 'MfAp91Uzs', 'MfqQ5c16W', 'Mfox0gaML', 'MfhL8hg67', 'MfcJwnkcr', 'MfcuVk2so', 'MgwXX45MM', 'MgwXX45MM', 'Mgmwc97vQ', 'Mgly81L95', 'MgkBo4gIK', 'MgdPM8gVP', 'Mgc1TEMsL', 'MgbSfjKDQ', 'MfJzCbJT2', 'MfugY012R', 'MfqS0gXsx', 'MfkKDnvZX', 'MfjhQB1XU', 'Mfh5P1cN2', 'Mgt1C5K8r', 'MgolZ2CNR', 'MglIvzjdb', 'MgkQ59TxP', 'Mgk43q2bU', 'Mgg5ztnWb', 'MgfN17oVX', 'MgeVF5qwq', 'Mg3roF6n2', 'MfSqIm9a8', 'MfO1ACtmM', 'MfJQFsX39', 'MfIpyhYS7', 'MfEWSdNPd', 'MfD6CEn6r', 'MfBdclDtR', 'MfymulTbl', 'MfrMEdtp8', 'MfqQtoD4r', 'Mfp8uyfDw', 'MfoZE9yBN', 'Mfms0pvvE', 'MflOzeTjL', 'MfjcCsUT3', 'MfizakF8F', 'MfgZ2d9T1', 'MfgsIqWGJ', 'MfgsFswNQ', 'MffTzuwkr', 'MffkLd8cG', 'Mffhwi77S', 'Mfd7Eu3Qr', 'MgtCqtvNt', 'MgqACBzbg', 'Mgnj71EPt', 'MglXu3UIU', 'MglWRBJ3e', 'MgkSgFWVo', 'MgkJbz5k0', 'Mgk0J9POq', 'MgjSl4OOl', 'Mgf7PuUkg', 'MgeyX39kv', 'MgdXLmQIR', 'MgdQQ20wZ', 'Mgd9TBDdF', 'MgcuWrVGl', 'Mgc0t6AX1', 'MgbSF6Kw4', 'MfQTSagWe', 'MfNx36NXe', 'MfM6KhsBE', 'MfJwSikO1', 'MfJvg9bDM', 'MfHNXd7XL', 'MfELGpTQu', 'MfxhxwYq0', 'MftVuuzl2', 'MftUyAEaf', 'MftkU2kM8', 'MfpJC8Asf', 'MfoVamALn', 'MfnQio4cH', 'Mfm8dyFZL', 'MflhlF2G4', 'Mfl9fDGpg', 'MfhPXkDuG', 'MfgOODKNz', 'MfgzVe5XG', 'Mfgazss1f', 'Mfg02soAo', 'MffLigFmH', 'MfdxybjWX', 'MfcOt9ZUq', 'MfcN4xY1T', 'MfUesuH0w', 'MfrCMewIp', 'Mfry7wDuM', 'Mfja95fuk', 'Mfj994iqh', 'Mfj6RvDWt', 'MfaDP9Wa8', 'MfaDy644B', 'Mf1UKyFdL', 'Mf1TjnKhi', 'MeSDh9bgo', 'MeJAPli7P', 'MeAp4manB', 'MeAoZ3bYz', 'MeAoYryhS', 'Mgo0Z7px2', 'MgvKW2vCw', 'Mgfx3xfLj', 'MfrsCBawN', 'MfiUpnlSl', 'MfavUDNmi', 'MeJzolno6', 'MeAoC5NPf', 'MeAoBrYkZ', 'MeAovxkht', 'MeAoskC8D', 'MgnGyCsNp', 'MgnDnd6tp', 'MgfwAyD6t', 'Mgfuzgm20', 'MgfsEeHkC', 'MfiCShB7A', 'MfizVBhtb', 'Mf1LhnXQm', 'Mf1GCabg6', 'MeSvu1sn7', 'MeSubAy6M', 'MeJz8nXqS', 'MeJyWzP9C', 'MeJyynaCi', 'MeAo7BebS', 'MeAnMlTZa', 'MeAnKxf9C', 'Mgv1Bi47g', 'MguXAtIBc', 'Mgfrrt2dw', 'MgfrmojtG', 'MgfoRecNi', 'Mfi0Zl9nN', 'MeSq7eBYT', 'MeJxnkFI5', 'MeJxflYl2', 'MeAmMfqWL', 'MeAmG3d8d', 'MgnuU6HgF', 'MgfnA2LJq', 'MgfmYziBM', 'MgfmM8DbX', 'MgfmDgGX7', 'MfhRNqoQr', 'MeSm43uBG', 'MeSlLqlQN', 'MeJuZjjDB', 'MeJuMh2zl', 'MeAmO6jRh', 'MgnhTsfH9', 'MgfidlpAj', 'MgfhNow6u', 'Mgfha5wxX', 'Mfa4vkLEH', 'Mf1yaxi48', 'MeSkAr8V7', 'MeSjbxwww', 'MeAl5E6Vg', 'Mgngwl6f9', 'Mgne97sl0', 'Mgfg3dmOs', 'MgffEDoTw', 'MgffmE5U3', 'Mf9YZnhha', 'Mf1xB4S59', 'Mf1xujb4R', 'MeSdcsCyV', 'MeSbSyaHb', 'MeAlTjVgC', 'MeAlS5Nn9', 'MeAlEdyNO', 'Mgfe4w88K', 'MgfdlFCBW', 'Mf9RBFd0p', 'Mf1ux85jS', 'Mf1tKjj9M', 'Mf1tpiicD', 'MeS6SnLAM', 'MeS5u3zWU', 'Mgn0EyYGo', 'MgmYqBu9g', 'Mgfa3uAzH', 'Mgf9d9iWM', 'Mgf93rrxn', 'Mgf8WhyiC', 'Mf9JlinCm', 'Mf1thCiu8', 'Mf1rRA11f', 'Mf1r90dkb', 'MeS5plZVM', 'MeJpmExbF', 'MeJo62zkp', 'MeJnZfLEt', 'MeAjijyw2', 'MeAjhpcGS', 'MeAjgvY13', 'MeAj0vhc1', 'MgmWNy4zV', 'MgmS6gbA5', 'Mgf6S7rRG', 'Mf9HP1GZw', 'Mf1qGyBbg', 'Mf1pFEoPQ', 'Mf1oQfDSh', 'MeRXLlCUp', 'MeRWKn0CW', 'MeRWyhg4U', 'MgmQui1Y7', 'Mgf5r7wVX', 'Mgf3wBLCK', 'Mf9ENa4Ux', 'Mf9z9vsTA', 'MeJlpp9I2', 'MeJkO98Fu', 'MeAjrnB4r', 'MgmCNqzGC', 'MgmBsCV4E', 'MgmBa2e0l', 'Mf9xjfNyo', 'MeRQcnLqS', 'MeRPEs7Xw', 'MeRNMC5h7', 'MeAiSigvW', 'MeAiQbYZF', 'MeAiK0RVX', 'MeAiAcoas', 'MgmzKiE3V', 'MgeXCuXmm', 'MgeWFbTKd', 'MgeWapHne', 'MgeVQ2xnz', 'Mf9oYlgUd', 'Mf9nTiUJn', 'Mf9gwu5Qp', 'Mf1k9fnEm', 'Mf1iYtnXO', 'Mf1i2k3zE', 'MeRMf7f80', 'MeRLCafmS', 'MeJiPfP6Z', 'MeJiq7KMA', 'MeAig6Np8', 'MeAia03Td', 'MgeTBaI78', 'Mf9c7t8h4', 'Mf9ac4mXo', 'Mf99W4LyU', 'Mf1eH7koS', 'MeRGkoO1X', 'MeRCelQsF', 'MeJgLxcS2', 'MeAhsxAp8', 'Mgmi0cMxj', 'Mgmhr32Nz', 'MgmcjD4aH', 'MgeTkk3kx', 'Mf8Ztf5D5', 'Mf8XUgrN5', 'MeJfVwPuy', 'MeJeYt9iA', 'MeJexwpOj', 'MeAfiEXJk', 'Mgmby5XgS', 'Mgm9S43XL', 'Mgm6wmhrJ', 'MgeROnapK', 'MgeQDCgNi', 'MgePTxADs', 'MgePd0LlB', 'MgeOOrWyC', 'Mf0Sc6gOE', 'MeRtm5b11', 'MglU49BUG', 'MgeNSvMLy', 'MgeNj4slA', 'MgeNcAoD7', 'MgeLNrlof', 'MgeLN5mRM', 'Mf8LIqtlL', 'Mf8LE1OGu', 'Mf8JQhJcd', 'Mf8JerbrY', 'Mf0On8jnT', 'Mf0O3AOfL', 'MeRtbafxB', 'MeJchb2G5', 'MeAfZ9MSW', 'MglNetKBH', 'MglMx3GRB', 'MglM6F3Is', 'MglKYnLNz', 'MgeLgDiAs', 'Mf8GVuuSn', 'Mf8ELzENL', 'Mf8E2m2OU', 'Mf0KLpMW6', 'Mf0KczSbs', 'Mf0JY8qiE', 'MeRnsjeHU', 'MeRnjqc0k', 'MeRmhmepM', 'MglEDE0I5', 'MglBNhRxr', 'MglBtdp7D', 'MgeIPjGHJ', 'Mf0CjeNwS', 'MeRgVvTXh', 'MeRfj1Thk', 'MeJa01WDe', 'MeJ9m6dZf', 'MeJ9hE2q8', 'MeJ8zDrgm', 'MeAezrkbC', 'MeAeweBMy', 'MeAeaARxx', 'MeAe99wPg', 'MeAe53zMs', 'MglyMf5T6', 'MgeHW6zYU', 'MgeHPy7C9', 'MgeGKvKFW', 'MgeGq9GIF', 'MgeG9fJDk', 'MgeFHrYS9', 'Mf8rc3koi', 'Mf0wVlvVz', 'MeRdyhih2', 'MeRcIi0Ir', 'MeRaCzIrZ', 'MeR7C8AZc', 'MeR6xB252', 'MeAdCBXCE', 'MglwQyvJa', 'MglvZ4AqJ', 'MgltwB08K', 'MgeEF4caY', 'MgeEv3Dtj', 'MgeEuFcpF', 'MgeEbfFug', 'Mf84H19Xj', 'MeR2OeYYj', 'MeJ6RdESe', 'MeJ5fCCLw', 'MeAdfiA0w', 'MeAd16xrs', 'MeAcGEJy0', 'Mf81QDFbe', 'Mf80NDc0g', 'Mf7SRgqjx', 'Mf0dr5BR9', 'Mf09KFx9N', 'MeR1DvaI9', 'MeR1c3ESM', 'MeR12hmn1', 'MeAau9W9Y', 'Mgllih9xn', 'MgeBBnUTx', 'MgeAjzLOs', 'MgezBegdu', 'Mf7PNxW8s', 'Mf7LzahGv', 'MeJ3k0Ggi', 'MeA9tgOox', 'Mglg80GLD', 'MglaYwDiz', 'MeQTHcO4A', 'MeJ0TfcWZ', 'MeA9mv8hI', 'MeA95Bc3X', 'MeA8Umu2G', 'Mgl8Kfknv', 'Mgl757Nj4', 'MgewlsdPC', 'MeQMTzW00', 'MeQLwuYqD', 'MeA8FB0ET', 'MgkYFhn8a', 'MeZtT7RUN', 'MeQLdAfSM', 'MeIWEBVrM', 'MeIVcurYY', 'MgkYvypfs', 'MgetNmXEf', 'MeQE0vwNu', 'MeQDStxlh', 'MeQCjiN4Y', 'MeIRuyE6p', 'MeIR5a6c9', 'MeIR0c0gl', 'MeA77B8pL', 'MgesxCTBi', 'MeIPD4PvN', 'MeIMquost', 'MeA6yssIY', 'MeA5XeEcV', 'MgesawHz3', 'MgeqHBvRL', 'MgeqibRtH', 'MeILokYqw', 'MeA5HdXi4', 'MeA5suF7A', 'MeA562jwH', 'Mgepa5ziI', 'MgeoYxUXC', 'MeIJ8jnA8', 'MeIIOaxOh', 'MeA4Zba80', 'MeA4YhW5X', 'MeA4twQCg', 'MeA4s7Hb6', 'MeA7x3eEn', 'MeA7g8aPU', 'MeA4d2qWt', 'MeA3SDUK4', 'Mg6zOFycK', 'Mfv0T53Ix', 'MfuXDdvg8', 'MflBF2kmM', 'MflyV7Q6q', 'MfcahytoY', 'Mf2I5ecva', 'MeJW2hGdZ', 'MeJW2dihm', 'MeJVwB9DC', 'MeAwb0o3B', 'MeAw5nmO2', 'MeAvyenAh', 'MehmagpZf', 'MgCdXfuYh', 'MgyPB9OZY', 'Mgg5Thmgb', 'MfNHR1SUS', 'MfNEFjBLl', 'MfuL2b3Rq', 'MfuKIaZOW', 'MeJUTh4Ok', 'MehdMdA18', 'Meh42tQkn', 'MgyI8aXlE', 'Mgg3F1acW', 'Mgg3e4qfw', 'Mgg1ioVfi', 'Mg6gMbdLe', 'MfWNRu8qQ', 'MfNrKcHh4', 'MfNmJDSdV', 'Mfc2vl5K6', 'MeTfK36dX', 'MeAuGuNVo', 'MeqmFg9P7', 'Meg5kzxu1', 'MgfYEq8p4', 'MgfYco4c5', 'MfWJB2pEH', 'MfNlT5oLS', 'MfDQF7Pxu', 'MfDJx3mJ6', 'Mfl030WXx', 'MfbX7nofo', 'MeeA1nHvX', 'Mgy13tctE', 'MgfWJmgLd', 'MfMNjx186', 'MftXQrSIt', 'MfkXU2DHU', 'MfbIk9Xqp', 'MephT3vAt', 'MeoVjiCrd', 'MgpfnaGbx', 'MgfRtqzBd', 'MgfQZ1KJj', 'MfDk5n622', 'MftKDzY5L', 'MfkIewba7', 'MfkC98svf', 'MfbBdjEkC', 'MfbATbTbc', 'Mf2npDYJm', 'MeT7o132v', 'MeT5ow5Jx', 'MeJOg3eb6', 'MeJND2UuK', 'MeAskbvYR', 'Mgp4MzsE0', 'MgxC9buDh', 'MgfPZxLsB', 'Mg4YahlE2', 'MftCJaG5C', 'MftzKpbQt', 'Mfkpie5Fc', 'MeT4kxYmo', 'MeT0y0ia6', 'MeArQDsLi', 'MgoV8erkY', 'MgfMwF0iS', 'MgfLmiy6S', 'MftsGcqOL', 'MftqE0SNH', 'MftbXkybu', 'Mft9Riu7G', 'Mft86fcL6', 'MfboDxykc', 'Mfbn1Aw0Y', 'MeJKzjkGu', 'MeJJPqOWR', 'MeArgEStw', 'MgoLADLsF', 'Mg3TcwZBC', 'MfLBalCgo', 'MfC34c7EO', 'MfBXA15QO', 'MfjHDcOXV', 'MfbgMfuuK', 'Mf2730p1H', 'MeSUwdsv6', 'MeSTxzpnL', 'Mgx4meI66', 'MgfFBF3Oa', 'MfKZ7F53R', 'MfKQZBRsj', 'MfBDkdPPE', 'MfBukh8wG', 'MfBsl57W6', 'MfjFjiw63', 'MfjyBgt2Y', 'Mf26plalU', 'Mf25eFLnf', 'MeJFenlG3', 'MfVakkraf', 'MfKml1QW6', 'MfsqIrHc8', 'Mf1ZNeQCv', 'MeJEkapQ5', 'MeApagOqb', 'MgfCSAuyQ', 'MgfCawCSl', 'MfaGxkazb', 'Mf1W5AE11', 'MeSI5yHoC', 'MeSHaed7U', 'MeSFzt8SM', 'Mgwm3jUPm', 'Mgwit31mR', 'Mgw17e9mg', 'MgfA7v7Qx', 'Mgfzg5Bip', 'MfrAwwKff', 'MfjgnftaM', 'MfaF4imlf', 'MeJBS34ph', 'Mgo0ift05', 'MgvTRdcph', 'MgvoolJ9e', 'MgfzaszQz', 'MfrpErjQU', 'Mfrlv9u8B', 'Mfr7agNUA', 'Mfj2HxK6K', 'Mfj2Dlcg7', 'MfaxusmlB', 'MeSC6qtLE', 'MeSAKbuY9', 'MgnNoDdjr', 'MgnNmefQ8', 'Mgvl6toyl', 'Mgvg6v7QO', 'MfiIivsOs', 'Mfatd7oze', 'Mfapb8cLa', 'Mf1JMoHpp', 'MeSxsgXsA', 'MeJyg5bRV', 'MeAo4ld0U', 'MeAnR4BlA', 'MgfqyaoQe', 'MfiblvMfo', 'Mfankbpyn', 'Mfafzqtmg', 'MeAmbnC5J', 'MgntzCNbi', 'Mgnr9eE1y', 'MfhKJdBs2', 'Mfaehp5Ot', 'MfabYFCuP', 'Mf1AZs77W', 'MeSnvkZcr', 'MeSkDrLIi', 'MgfjMfBha', 'Mgfizex1t', 'Mf1AnByPJ', 'Mf1zhqxCM', 'Mf1yjpfWu', 'MeJulqTtn', 'MeJtEis40', 'MeAl7qzOA', 'MgfeR4qqc', 'MgfeabmvV', 'Mf9TwsAW6', 'Mf1xjkYeR', 'MeSdcsBmA', 'MeJsv4BBh', 'MeAllBxB8', 'MgnavFMyS', 'Mgn4Wjv0B', 'MgfdMwRGR', 'MgfcjgL8D', 'Mf9Rwl8Sg', 'Mf9PQ2IYY', 'Mf9O9tBeH', 'MeS8blFuQ', 'MeJqYtU03', 'MgfbYAE5c', 'MgfbGtFGM', 'MgfbF5Cqq', 'MgmSvkVLQ', 'Mgf6IEXZA', 'Mf9FGCzEW', 'Mf1oTbQzr', 'MeRXBhJIN', 'MeRUP2EDx', 'MeJnq3PMG', 'MeJlL0GmT', 'Mgf2TjT4G', 'Mf1nxAqGO', 'MeRRB0T3J', 'MeRRvq3k8', 'MeRQgdcos', 'MeJl3cczo', 'MeAjszx5p', 'MgmG7Cn4Z', 'Mgf0vxV0w', 'MgeZYcQzz', 'MgeYTs52Z', 'MgeYL7mHE', 'MeJibzuwV', 'MeJhDCNdj', 'MeAidsb9h', 'MgmsjB4c4', 'MgeV8yX5b', 'MeRHYmBuU', 'MeRHcdR2z', 'MeAhTEcUv', 'MeAhGpOei', 'MgmgaCUsx', 'Mf0YHePTD', 'MgeRl6VHX', 'Mf8XqqNUV', 'Mf8VlgROc', 'Mf0V36eL3', 'MeJdFwmql', 'MeJcKe3Yu', 'MeAgscOn4', 'MeRobxXNs', 'MeAgcdcfK', 'MeAfICWUv', 'MglOF6zhk', 'MgeLfbYb1', 'MgeLf7xF9', 'MgeJBffdW', 'Mf8Hvxu9a', 'Mf0KQraX8', 'MeRne8iqv', 'MeRkoj971', 'MeJc1wkPa', 'MeJbMtgFn', 'Mf8vMhV7t', 'MeRhNhFQo', 'MeAeC3JlQ', 'MeAes4fpU', 'MgeHW5vMn', 'Mf8py7IDU', 'MeR70wlgd', 'MeAdQwoRe', 'MglvGpfHh', 'Mf8ac27Fx', 'Mf0my3nbS', 'MeR5MyItM', 'MeR4qDwRt', 'MeJ6ufb2X', 'MeJ69fhPv', 'MeAd97rjr', 'MglqBqF7D', 'MgeCO9Bro', 'Mf7Wq5YNA', 'Mf0beiWKZ', 'MeQZy5P0f', 'MeAakt9dT', 'MgeACwFOZ', 'Mf7NTDPmJ', 'MeQXd1M4x', 'MeQTUe1eC', 'MeA9Wx0OV', 'MgeyYvAv3', 'Mgey2AxKh', 'Mgey19d0c', 'MeZS2BxTE', 'MeQQlv2oB', 'MeJ0H9rWL', 'Mgl9fxqNo', 'Mgl7eyVk0', 'MeZK9Cuqq', 'MeZEW2Io0', 'MeIYooPLz', 'MeIXlrEbE', 'MeA8RssWM', 'MeA8wsy1Q', 'Mgl5d1gFm', 'MgkZJ8UWG', 'MeQJ2cZmJ', 'MeQGTgSGY', 'MeQGdxzKb', 'MeIWccJbP', 'MgkR4x1U4', 'MeQD35Re6', 'MeQCIpL6R', 'MeIS9jeeH', 'MeA6rCqiZ', 'MeA6lEuUW', 'MeA638b8I', 'MgeqyqSOW', 'MeILv9WK9', 'MeIKsFlmP', 'MeA5G21J7', 'MeIJvEYFE', 'MeA4UbYPm', 'MeA4Bg9Qp', 'MeA66iIRl', 'MeA4qk71y', 'MggbtwVzg', 'MflBGuLjW', 'Mf2LIDqSt', 'Mer3BAOGS', 'Mgg6ylJuQ', 'MfX0d7tZ7', 'MeTinp8Fo', 'MeJUW2hw4', 'MeJUDDrEd', 'MeAvhFkjA', 'MfNuyBn8B', 'MfE1WdBFv', 'MeJT6e6to', 'Meq2Z9TCz', 'MgzRQ3S7Z', 'Mgynnw1W4', 'MgfZdjmVD', 'MfuberTYc', 'MfbUeD89G', 'MfbShcvd8', 'MeJSK3mRj', 'MeJRg9s2G', 'MgfWMBbaG', 'MftUDwwlk', 'MfkQy73Cy', 'MfbKLrkLj', 'Mg5tL4dzE', 'Mg5qo8j69', 'MfMHa5vNn', 'MfDoYfTSo', 'MfkzWiuuT', 'MfkxHv36y', 'MeT52BR0Z', 'MfCMNrRuV', 'MftBelkuw', 'MfbvE9pUP', 'MeArTCYKk', 'MeArzdBIi', 'MgoYczrGi', 'Mg4pCdPWQ', 'MfLUtB5EZ', 'MfClJ13vE', 'Mftfhxs4L', 'Mf2hvuXxW', 'MeJKrxOQK', 'MeJK9j9kE', 'MeJJi91hx', 'MgxdNi2dH', 'MgxbzxKkY', 'MfChYqDtA', 'Mft6p954q', 'MeSVt1Iwk', 'Mgozu88g5', 'MfVu1olCn', 'Mfb1W3CN8', 'MeJHazQHO', 'MfV8oEVQg', 'MfBqq0aaq', 'MfBeX7jPU', 'Mfjrz8RIV', 'MeApP7YN3', 'MgogNcT0c', 'MgobVgBkX', 'MgfBu5hGH', 'MfUJHclmg', 'MfrZtE3Wy', 'MfaHGvMxB', 'Mf1WMtGko', 'MgfAj1Ie1', 'MgnWA0XOA', 'MgvMSwCis', 'MgfzaqnDD', 'Mf1R5DsjN', 'MeJzj3uJm', 'MgnLJe3rx', 'MfiIo7nHC', 'Mfisw84nH', 'Mgv4wp6af', 'Mgfsjvjht', 'MfaoRllUZ', 'Mf1DZk2Hw', 'MeSr9kLGz', 'MeJxWcOVm', 'MgnpTitvk', 'MeAn6CBWQ', 'MgfjHgpHq', 'Mfa2MAZs8', 'MeSgEFib0', 'MeSexfcbR', 'MeSd55yl7', 'MgfdMgo5B', 'Mf9ORfTyd', 'Mf1tm3nLW', 'MeJpQbvhv', 'Mf9LO6Qrb', 'Mf1th6n6l', 'MeS435SVd', 'MeAj8gM0O', 'MgmTRvyiq', 'Mgf7pqkoE', 'Mf1pkFASQ', 'MeJlUF1si', 'MgmLp43Bj', 'MeRScboIm', 'Mgf19uK7i', 'Mf9rSmZCr', 'MeJjxfjWL', 'Mf9oBCcdA', 'Mf9mJaKGm', 'Mf1j4rjmC', 'MeRLwgJlK', 'MeJhKa9hs', 'MgeVaE7mQ', 'Mf1bCf7dj', 'Mf196g9g3', 'MeJgIjoqe', 'Mf92S9zRg', 'MeJdUiUtK', 'Mgm0TFj10', 'Mf0WQgTh5', 'MeRxnb8yb', 'MeAgTB32Q', 'MglXWqTtk', 'MglQAvjBM', 'MgeO75coz', 'Mf8Jk37n3', 'MglNgxOch', 'Mf8FImPFL', 'MgeJ7DUiC', 'MgeIVc7zj', 'MgeIwshI5', 'Mf8A9dH0X', 'MglzPtU27', 'Mf0vXnvkQ', 'MeRe0nMbL', 'Mf8kxcTh1', 'MeR2ywWXK', 'MeAcH4i2v', 'MeAay2GzU', 'Mglkycu0e', 'Mf7SFaEds', 'Mf05UgcG1', 'MeJ22xoNv', 'MeA8WqyfN', 'Mgl21mfHF', 'Mgl1xupYL', 'Mgev33KQA', 'MgkWgEn96', 'MgeuHdUGl', 'MeA62vqZi', 'MeIKy0KwU', 'MeIK4fuT6', 'MeIJHs1E3', 'MeA5Q9bh6', 'MggaiB0TX', 'MflyStcLZ', 'Mfcb94QYD', 'MeTlAigiI', 'MehBOozoQ', 'MfNGo06nw', 'MfuMPjwrU', 'Mfll1wMg9', 'Mfc66E3QX', 'Mf2Dr6Rtj', 'MeThVFLEH', 'MeAuMqxTC', 'MgyHtCtW1', 'MfWWAgmEh', 'Mflgp9Ik1', 'Mf2zJfsKO', 'Meqfw1ZEs', 'Meq5632ux', 'MegDshY1g', 'MfbUCjSrk', 'MeAtL88AK', 'MepRzEKOU', 'MgpsTfXZR', 'MgfVJ0oYY', 'Mg5yn8Aet', 'MfWvVBc0V', 'MftR6334i', 'MeT9wEcek', 'MeT8SfRn3', 'MeAthEtP2', 'Meox0yyVP', 'MfWewpJUk', 'MftEhr4aI', 'Mf2pn73M2', 'MeAs5q3N0', 'MgfNcDIs6', 'Mg5eiuz6K', 'MeJLAeEgK', 'MeArPb30a', 'Mgxo6pPdq', 'Mg4L9eIku', 'MfCva3iXG', 'MeJJEda7t', 'MgfLglIxU', 'Mfbh5sUl1', 'MgfF40d8y', 'Mf25XkcLN', 'MeSSuB7vG', 'MgfF2t7YX', 'MfjtUcWga', 'Mfjp9ziKS', 'MfaVG4K5L', 'MeSJC7fqD', 'Mgwn5aENB', 'MgfAUx8GY', 'Mf1X06y7Q', 'Mf1VYxohU', 'MeSH9zh6B', 'MfUpncxOO', 'MfrH8nG4y', 'MeJBx24Oy', 'MgvXSgXtf', 'MfiXBDKa2', 'MgvnL0xOz', 'MgvhodMom', 'Mgfv2eY72', 'MeSnwc1GS', 'MeSh0vapg', 'MeAkWe3qr', 'Mgfg7FkdT', 'Mf9UKp4EK', 'MeSdGg2qZ', 'MeSciAxD1', 'Mf9OZqIMI', 'Mgf8hAiB4', 'Mgf6Tf04l', 'MeJmoebmG', 'MeAkaDqv0', 'MeAjGxgl3', 'MgmOGA7XF', 'Mf9EBkOsm', 'MgmDue8GU', 'MeRNQpkIP', 'MeJj1igXP', 'Mf9kxwJ6s', 'MeRLP9gvD', 'MeRLnpSEo', 'Mgmve7ND7', 'MgeVi4K72', 'MeJej3SXP', 'Mf8TE5eNI', 'Mf0Yx8JIP', 'MeAgV880z', 'MgeNAxCFD', 'MeRq4vxCl', 'Mf8rAxxFS', 'MeRhiwARY', 'MeRa36boj', 'MeJ8czsRe', 'MeJ7R2xod', 'MgeDCnwLS', 'Mf0q5Cmlg', 'MeR2BeS8d', 'MgezBgsvr', 'MeQWc4gaY', 'MeQVZ5gfn', 'MeQUeChe9', 'MeJ2mBTCK', 'MeZXK1cnv', 'MeZR0xAbm', 'MeA8CCzqo', 'MeZtI7qUe', 'MeIV56jdY', 'MeIUWfssO', 'MgeuVlycC', 'MeIOcqVf1', 'MeIObeZFV', 'MeINFBKlS', 'MeILIqxqc', 'MeA687mPs', 'MeIIMqfEE', 'MeA4jxlyp', 'MfltZAnsb', 'Mer17oi2R', 'MgyM0Cb4O', 'MfNxPgEmV', 'Mfc1hlhkd', 'Mg68W8nVJ', 'MfNbahdJu', 'MfDIfgiWS', 'MeAtIxV74', 'MgfRpf9jR', 'MgfPtBOVA', 'MfW7shlo7', 'MeT0EeJbC', 'Mg46Tdric', 'Mfbds0pli', 'Mfb8QgUTO', 'MfVuj615N', 'MfjB3bGC0', 'MfVhol8dN', 'MfUTzbjoJ', 'MfiNfcCFd', 'MgfwmFiJJ', 'Mf1JRFtRX', 'MgnxCfOzV', 'MfhXQ7z4N', 'Mfakx4bi5', 'MgnsZidYs', 'MgnmJ68JD', 'Mf9UJefNM', 'Mgfe1yP3y', 'MgfdHumGl', 'Mf9KcgrAx', 'MeAjmrHMj', 'MeRN9limX', 'MeJjcvTMo', 'MgeVP773M', 'MeJhvnzsN', 'MeAgCw58k', 'Mf8JSDp2f', 'MeJctBI1L', 'MgeLt35mt', 'Mf8IgqY3P', 'MeRmgoBgf', 'MgeJ8fx6X', 'MgeGwgquu', 'MeJ7OkCJJ', 'MeAcPinjQ', 'MgeCgnSWn', 'Mf0af90Zt', 'MeR0WDf9b', 'MeIZi1vqS', 'Mgewnu6O6', 'Mgew3F3eS', 'MeQLQyl4c', 'MeA8fmvrQ', 'MgkXZ4o2w', 'MgeuyhyT7', 'MeQCWj5Tz', 'MeA6ZAcgh', 'MgeqIrsWU', 'MgepkcL9y', 'MggbaDhRU', 'MflAu39DM', 'Mg6rYAvpB', 'Mf2w138BI', 'MeTdZhqsg', 'MeT8v8Bqs', 'MeAtmEM6X', 'MgpkkeVh0', 'MeJNc7ijA', 'MeAsvbWJF', 'MfMiNuSR1', 'MftuOkLpk', 'Mfkfx4738', 'Mg3Xvq7Zw', 'Mft5ooMCJ', 'MeAqQiH3u', 'Mg3x9DtST', 'MeJE56eFb', 'MfUTny9wh', 'Mfr5lo448', 'MgvgIio8t', 'Mfaplc7ms', 'MguVq5bZG', 'MeAmMfrHf', 'MgnoleaXO', 'MeJtkaGa5', 'Mf1u817W7', 'Mgf5fzS1M', 'MeJls5XpF', 'Mf9qAzU02', 'MeRIpkpSK', 'MeAeQeFpN', 'MeJcEjrS6', 'MgeM14bx6', 'Mf8qQqGug', 'Mf0ApEtXS', 'Mglx7DrpI', 'Mf8kEhhFB', 'MgeD1aOCJ', 'Mf0cEBJlz', 'MeQXajQDW', 'MeQOu09SI', 'MeJVLD9mg', 'Mehrts72g', 'Mg6nMyxKd', 'MfNGlFi9K', 'MgfVBg0X4', 'MfbFrt000', 'MeoCerggc', 'MgxNSbFRI', 'MeT5JrBqf', 'MeJLuhPwz', 'MgoVX6c6z', 'MfCpKqNEp', 'MfLu1CdzO', 'MfaKgF7W2', 'MeJAE7Gkg', 'MeStwtYFs', 'MeSsrrDqi', 'MeJxMtPVp', 'MgnecrT0N', 'MeS305otw', 'MeAjfCJVC', 'MgeSku3HG', 'MeRwAu2wl', 'MeRqGm5VN', 'Mf8AnoCRF', 'MglmhunR4', 'MeA6MBcoM', 'Mgz3LlRhX', 'MeqkY2lRA', 'MegoWwy69', 'MfDkUvkpl', 'MfDiLfsOh', 'MfLYd40vO', 'MeT4QfAHg', 'Mg4ElzE6x', 'Mg3Wc9xjJ', 'Mgo82EbyX', 'MgftbjgS2', 'MguU5goDh', 'Mfi5UF87x', 'Mf1DjmpIS', 'MeAmvatFq', 'MgnbNrN8D', 'MeSbPnEpz', 'MeS0Fl7yX', 'MeAjvgljg', 'MgmoQdxyh', 'MeAhHzy2W', 'MeJcR1Wdx', 'MeJcfsXEQ', 'MeAfV2KQ4', 'Mf0083FHO', 'MeA6rDuKT', 'MeTepej9g', 'MepsriJ6F', 'MfbKenS9x', 'MeT0vzZ4x', 'MgfeWldIR', 'MgmWk0cnq', 'MeRX81wsE', 'MeJdPwVZs', 'MeJdrmvf3', 'MeJaRc4x5', 'MeJ8iqNcJ', 'MeIZGuBy8', 'MeZtb2RKV', 'MfcbXfsqp', 'MeAuH7xSA', 'MfDwXhi4g', 'MgfPbgyhp', 'MeArj1UBB', 'MeAqA5TaN', 'MfaBs6cro', 'MeAjBc67w', 'Mgmw51r8F', 'Mf8vZliGo', 'MeJ8yaZvV', 'MeJ7okrkE', 'MeR352lba', 'MeITOeEhD', 'MeA4d0cXM', 'MgyD1mCON', 'MeAuhFsdT', 'Mf2tgfnjC', 'MeArsqQ0S', 'MeT0ew76C', 'MeAq3gJGF', 'MgfDD1ogq', 'MfhKSn8Rt', 'Mf1vbzH8k', 'MeJor0gDe', 'MeRTcwbgq', 'MeJeNceNs', 'Mf0TA8SXU', 'Mf0HG1Gly', 'MeJ5UsHZa', 'MglkPExcX', 'MeZVOCd6q', 'MeA8Zq39j', 'MeQFFBXOq', 'Mgesra92o', 'MgypGAqIL', 'MeArYkAHZ', 'Mg3QLAvsY', 'Mgvg5khqJ', 'MeSu77wjC', 'MeJrsjw29', 'Mf9EfpsUS', 'MgmGkBoyp', 'Mgmj1nvkL', 'MeRz02tBR', 'MglTdknyn', 'MeJ2ackDk', 'MeJUB2nl6', 'MeTf0teaL', 'Mg51ubxzu', 'MfKIHqmWh', 'MgfvR4xJB', 'MeArIrzRE', 'MeJAznS7E', 'Mfau9mdDs', 'Mgn7N1QGP', 'MgeTnfbl2', 'MglmEezaM', 'Mgl66AmdS', 'MeQLfnOZZ', 'MgeoZdWm4', 'MeJzLFSvN', 'Mf9OSCR2o', 'MeJnVn12o', 'Mf9zbCQ0E', 'Mf1jbcZG2', 'MeAcIsjU7', 'MeJ0lChSU', 'MeT9L85mp', 'MgfqYscZ4', 'MgfpWkWsR', 'MeRI0cnck', 'MeRBzhtgO', 'Mfas63a73', 'Mf1tUDGOy', 'MeIZfA65z', 'MeIYazTKT', 'MfuN4nH7F', 'MeAnUyUfD', 'MeAldnqdw', 'MgeZUDTi2', 'Mf8kOorVV', 'Mg5Vuzpdu', 'MgfzT4NWs', 'Mgf9rms94', 'MeJow1DFD', 'Mf8BkxNrR', 'MeIWt5Amg', 'MfupR4snY', 'Mfuehidfq', 'MgevgoMku', 'MfE8Fb56M', 'MftGL5uaW', 'MfbkKroZm', 'MeJBZq8sQ', 'MeRz3tujz', 'MeAai34gH', 'Mf1pVi1tv', 'MglzCziOa', 'MeJLvvXRK', 'MgfkUDuuM', 'MfaexAO93', 'MeS8Ozb0K', 'MeAjcoUHr', 'MeIWezvrG', 'Mf2iDhq0K', 'Mf10z1zJ2', 'MfKLDbeYx', 'Mf1SqlDYO', 'MgmqVgSwW', 'MgeSCimP6', 'MeJF7dtz7', 'MfhL82Xml', 'MeJKBDV9Q', 'MeSjyiOaG', 'Mf0WLgC56', 'MgeurzcrO', 'MgyipBPSK', 'MgfFCw76A', 'Mf8uzfJy6', 'Mgez1biXZ', 'MgCFGcBpK', 'MeTkisZQA', 'MeZmyBpPA', 'MeJQPvoVH', 'Mf0Mf3foQ', 'Mf0Jv9NTi', 'MeRoTeLGI', 'MeQYhvO3w', 'MeRHb1Utn', 'MeA9QiB93', 'MeIJAoLbi', 'MeR54Am36', 'MeAautJId', 'MeA7w6FdN', 'Mg5McCmka', 'MgfQ3ncfW', 'MeJdd8h20', 'MeAmtDpxR', 'MeAlefxNu', 'MeJWG5JkB', 'Mf9xrtV7G', 'Mf8JbgFiH', 'MgeHRmMUf', 'MgoaqaLGc', 'Mg4Zz6Aw2', 'Mf1CmiLOJ', 'MeSl9icE2', 'MfVWFiOaN', 'MfB1WEYPQ', 'MfLZWBhfL', 'MeTg9ngk4', 'Mgny0rlDm', 'Mf81wfqcI', 'Mf0b5EcId', 'MeZuiudqv', 'MfuuJlBKm', 'MeJaD2fev', 'MfjlF220X', 'MeA41aYer', 'MeRix1s9H', 'Mgo8eaJ8m', 'MeA4hvtGe', 'MeAf4rOmh', 'MeeYErCGL', 'MeJgMuR3A', 'Mf8bu7Tjs', 'MeZEO6cvX', 'MeT6WtLmy', 'Mf07C2lZI', 'Mflg9bc3j', 'MfW3SzEMq', 'MfCqYCIwb', 'MeT3NcTwa', 'MgmyAbzHM', 'MeSbDwbg7', 'Mepsme3EQ', 'Mf1D4AXCF', 'MgfYPjWYB', 'MfbqNmTHo', 'MeJ24iNhP', 'MfWEKyzIK', 'Mf18Ye7wk', 'Mf0pXBs9I', 'Mf1uklbuw', 'MeJ74wsw9', 'Meh4ZlnlA', 'Mf9Z246u4', 'Mf1BY68Db', 'Mf9xxnq3V', 'MeAdzqlCl', 'Mgfdf7qpP', 'MfrDyESxe', 'MfrBkFbPc', 'Mf0PZjC6t', 'MeA5g1PfL', 'Mf2voAXIW', 'MfiAfqkmL', 'MfVX4E3vV', 'Mf1vEgJ3S', 'MeAhrkyd6', 'Mfrse4KMC', 'MfN7hEMeO', 'Mf1DkymYN', 'Mf15J4Qa8', 'MfLqGfAqT', 'Mf1lD9jPs', 'MeTm5jRPs', 'Mfj7lnuHC', 'MeJimg5P4', 'MgwLbojZN', 'MeS6lxvGl', 'MglOP8eFy', 'MeJ3wp9vj', 'MeSVQ2ppY', 'MeA77xNOT', 'Mf2BUxdZ3', 'MeTjt4gxU', 'Mg6woy1rb', 'MeRy7gSWM', 'Mf1nDxg9z', 'Mf0DAd1JO', 'Mfsmo7dT4', 'MeZHtdCxq', 'MgfXnvdt0', 'MeAajhdAF', 'MeSVQmcpa']
Expecting value: line 2 column 3 (char 3)
MgcUpeDVD
Expecting value: line 2 column 3 (char 3)
MffRLsQ9t
Expecting value: line 1 column 1 (char 0)
MgcJy91T0
Expecting value: line 2 column 3 (char 3)
Mgdykg1zJ
Expecting value: line 1 column 1 (char 0)
MfRT9hzV1
Expecting value: line 2 column 3 (char 3)
MfcUiekwf
Expecting value: line 2 column 3 (char 3)
Mfg1Gqdgl
Expecting value: line 1 column 1 (char 0)
MgeOts07v
Expecting value: line 2 column 3 (char 3)
MfhD89tg7
Expecting value: line 1 column 1 (char 0)
MgdHWz8pw
Expecting value: line 2 column 3 (char 3)
Mgc5llzLw
Expecting value: line 1 column 1 (char 0)
MfDg1EIHZ
Expecting value: line 1 column 1 (char 0)
Mg6NY45Ow
Expecting value: line 1 column 1 (char 0)
MgbTC9j89
Expecting value: line 2 column 3 (char 3)
MfHQjbxte
Expecting value: line 1 column 1 (char 0)
MgfNvfLn2
Expecting value: line 2 column 3 (char 3)
MgezSE6Pm
Expecting value: line 2 column 3 (char 3)
MfusG2ygk
Expecting value: line 1 column 1 (char 0)
MgedWyvfq
Expecting value: line 2 column 3 (char 3)
MgetH6lCD
Expecting value: line 1 column 1 (char 0)
MfxZSiEdr
Expecting value: line 1 column 1 (char 0)
MfAs8zN5C
Expecting value: line 2 column 3 (char 3)
MfAd6lsuK
Expecting value: line 1 column 1 (char 0)
MfILJdtK6
Expecting value: line 1 column 1 (char 0)
Mfghv8pYY
Expecting value: line 2 column 3 (char 3)
MgbZFnvnj
Expecting value: line 1 column 1 (char 0)
MfHRutqTV
Expecting value: line 2 column 3 (char 3)
Mgg0KFqtN
Expecting value: line 1 column 1 (char 0)
MfigYr2PX
Expecting value: line 1 column 1 (char 0)
Mfgc7cVjr
Expecting value: line 2 column 3 (char 3)
MgbYrauSx
Expecting value: line 1 column 1 (char 0)
Mg6L8r3kl
Expecting value: line 2 column 3 (char 3)
MfIMI81Mm
Expecting value: line 1 column 1 (char 0)
MfTLWB7FB
Expecting value: line 2 column 3 (char 3)
MfzFDE7J6
Expecting value: line 1 column 1 (char 0)
MfrSNab2F
Expecting value: line 1 column 1 (char 0)
MgfRAsLW5
Expecting value: line 2 column 3 (char 3)
MfgGaz8on
Expecting value: line 1 column 1 (char 0)
MgeipnPK3
Expecting value: line 1 column 1 (char 0)
MgkJyzMpZ
Expecting value: line 2 column 3 (char 3)
MgfJ2EIRv
Expecting value: line 1 column 1 (char 0)
MfRsD7h3q
Expecting value: line 1 column 1 (char 0)
MgqdehT6g
Expecting value: line 2 column 3 (char 3)
MgjKWuCBo
Expecting value: line 1 column 1 (char 0)
Mgfu2aGk0
Expecting value: line 2 column 3 (char 3)
Mfhza47Ik
Expecting value: line 1 column 1 (char 0)
MgbNlg6Xs
Expecting value: line 1 column 1 (char 0)
MfwNP9zo1
Expecting value: line 2 column 3 (char 3)
MfixK45gI
Expecting value: line 2 column 3 (char 3)
MfgCW2z0C
Expecting value: line 1 column 1 (char 0)
Mfd6DyKvG
Expecting value: line 1 column 1 (char 0)
MgcNVE0OG
Expecting value: line 2 column 3 (char 3)
MfvQF0SSH
Expecting value: line 2 column 3 (char 3)
MfoSY9qr6
Expecting value: line 1 column 1 (char 0)
Mfg2vcsQn
Expecting value: line 1 column 1 (char 0)
MffMAAJz3
Expecting value: line 1 column 1 (char 0)
MgdZUBDpG
Expecting value: line 2 column 3 (char 3)
MfY1KkKZb
Expecting value: line 1 column 1 (char 0)
Mfjk4i2bP
Expecting value: line 1 column 1 (char 0)
MffWhkYnL
Expecting value: line 1 column 1 (char 0)
MgnNegDOI
Expecting value: line 1 column 1 (char 0)
MgmlppXCY
Expecting value: line 2 column 3 (char 3)
MgjvImEMe
Expecting value: line 2 column 3 (char 3)
MgeqSePum
Expecting value: line 2 column 3 (char 3)
MgdPYaKm0
Expecting value: line 1 column 1 (char 0)
MfhRGBqkk
Expecting value: line 1 column 1 (char 0)
MfhoW8IEi
Expecting value: line 1 column 1 (char 0)
MgpOZESKC
Expecting value: line 2 column 3 (char 3)
MggXgeM14
Expecting value: line 2 column 3 (char 3)
MgeLUd1lQ
Expecting value: line 1 column 1 (char 0)
MgebluPNs
Expecting value: line 1 column 1 (char 0)
Mg5AYpsjK
Expecting value: line 1 column 1 (char 0)
MfQkoaDwT
Expecting value: line 2 column 3 (char 3)
MfNM1faAB
Expecting value: line 1 column 1 (char 0)
MfAp91Uzs
Expecting value: line 1 column 1 (char 0)
MfqQ5c16W
Expecting value: line 2 column 3 (char 3)
Mfox0gaML
Expecting value: line 1 column 1 (char 0)
MfhL8hg67
Expecting value: line 2 column 3 (char 3)
MfcJwnkcr
Expecting value: line 2 column 3 (char 3)
MfcuVk2so
Expecting value: line 1 column 1 (char 0)
MgwXX45MM
Expecting value: line 1 column 1 (char 0)
MgwXX45MM
Expecting value: line 2 column 3 (char 3)
Mgmwc97vQ
Expecting value: line 1 column 1 (char 0)
Mgly81L95
Expecting value: line 2 column 3 (char 3)
MgkBo4gIK
Expecting value: line 1 column 1 (char 0)
MgdPM8gVP
Expecting value: line 1 column 1 (char 0)
Mgc1TEMsL
Expecting value: line 2 column 3 (char 3)
MgbSfjKDQ
Expecting value: line 2 column 3 (char 3)
MfJzCbJT2
Expecting value: line 1 column 1 (char 0)
MfugY012R
Expecting value: line 1 column 1 (char 0)
MfqS0gXsx
Expecting value: line 1 column 1 (char 0)
MfkKDnvZX
Expecting value: line 2 column 3 (char 3)
MfjhQB1XU
Expecting value: line 2 column 3 (char 3)
Mfh5P1cN2
Expecting value: line 1 column 1 (char 0)
Mgt1C5K8r
Expecting value: line 1 column 1 (char 0)
MgolZ2CNR
Expecting value: line 2 column 3 (char 3)
MglIvzjdb
Expecting value: line 1 column 1 (char 0)
MgkQ59TxP
Expecting value: line 2 column 3 (char 3)
Mgk43q2bU
Expecting value: line 1 column 1 (char 0)
Mgg5ztnWb
Expecting value: line 2 column 3 (char 3)
MgfN17oVX
Expecting value: line 1 column 1 (char 0)
MgeVF5qwq
Expecting value: line 1 column 1 (char 0)
Mg3roF6n2
Expecting value: line 2 column 3 (char 3)
MfSqIm9a8
Expecting value: line 2 column 3 (char 3)
MfO1ACtmM
Expecting value: line 1 column 1 (char 0)
MfJQFsX39
Expecting value: line 1 column 1 (char 0)
MfIpyhYS7
Expecting value: line 1 column 1 (char 0)
MfEWSdNPd
Expecting value: line 1 column 1 (char 0)
MfD6CEn6r
Expecting value: line 2 column 3 (char 3)
MfBdclDtR
Expecting value: line 2 column 3 (char 3)
MfymulTbl
Expecting value: line 1 column 1 (char 0)
MfrMEdtp8
Expecting value: line 2 column 3 (char 3)
MfqQtoD4r
Expecting value: line 1 column 1 (char 0)
Mfp8uyfDw
Expecting value: line 1 column 1 (char 0)
MfoZE9yBN
Expecting value: line 2 column 3 (char 3)
Mfms0pvvE
Expecting value: line 2 column 3 (char 3)
MflOzeTjL
Expecting value: line 1 column 1 (char 0)
MfjcCsUT3
Expecting value: line 1 column 1 (char 0)
MfizakF8F
Expecting value: line 1 column 1 (char 0)
MfgZ2d9T1
Expecting value: line 2 column 3 (char 3)
MfgsIqWGJ
Expecting value: line 1 column 1 (char 0)
MfgsFswNQ
Expecting value: line 1 column 1 (char 0)
MffTzuwkr
Expecting value: line 2 column 3 (char 3)
MffkLd8cG
Expecting value: line 1 column 1 (char 0)
Mffhwi77S
Expecting value: line 2 column 3 (char 3)
Mfd7Eu3Qr
Expecting value: line 1 column 1 (char 0)
MgtCqtvNt
Expecting value: line 2 column 3 (char 3)
MgqACBzbg
Expecting value: line 1 column 1 (char 0)
Mgnj71EPt
Expecting value: line 2 column 3 (char 3)
MglXu3UIU
Expecting value: line 2 column 3 (char 3)
MglWRBJ3e
Expecting value: line 1 column 1 (char 0)
MgkSgFWVo
Expecting value: line 1 column 1 (char 0)
MgkJbz5k0
Expecting value: line 1 column 1 (char 0)
Mgk0J9POq
Expecting value: line 2 column 3 (char 3)
MgjSl4OOl
Expecting value: line 2 column 3 (char 3)
Mgf7PuUkg
Expecting value: line 1 column 1 (char 0)
MgeyX39kv
Expecting value: line 1 column 1 (char 0)
MgdXLmQIR
Expecting value: line 2 column 3 (char 3)
MgdQQ20wZ
Expecting value: line 1 column 1 (char 0)
Mgd9TBDdF
Expecting value: line 1 column 1 (char 0)
MgcuWrVGl
Expecting value: line 1 column 1 (char 0)
Mgc0t6AX1
Expecting value: line 1 column 1 (char 0)
MgbSF6Kw4
Expecting value: line 2 column 3 (char 3)
MfQTSagWe
Expecting value: line 2 column 3 (char 3)
MfNx36NXe
Expecting value: line 2 column 3 (char 3)
MfM6KhsBE
Expecting value: line 1 column 1 (char 0)
MfJwSikO1
Expecting value: line 1 column 1 (char 0)
MfJvg9bDM
Expecting value: line 1 column 1 (char 0)
MfHNXd7XL
Expecting value: line 2 column 3 (char 3)
MfELGpTQu
Expecting value: line 2 column 3 (char 3)
MfxhxwYq0
Expecting value: line 1 column 1 (char 0)
MftVuuzl2
Expecting value: line 1 column 1 (char 0)
MftUyAEaf
Expecting value: line 1 column 1 (char 0)
MftkU2kM8
Expecting value: line 2 column 3 (char 3)
MfpJC8Asf
Expecting value: line 1 column 1 (char 0)
MfoVamALn
Expecting value: line 1 column 1 (char 0)
MfnQio4cH
Expecting value: line 1 column 1 (char 0)
Mfm8dyFZL
Expecting value: line 1 column 1 (char 0)
MflhlF2G4
Expecting value: line 2 column 3 (char 3)
Mfl9fDGpg
Expecting value: line 1 column 1 (char 0)
MfhPXkDuG
Expecting value: line 1 column 1 (char 0)
MfgOODKNz
Expecting value: line 2 column 3 (char 3)
MfgzVe5XG
Expecting value: line 2 column 3 (char 3)
Mfgazss1f
Expecting value: line 2 column 3 (char 3)
Mfg02soAo
Expecting value: line 1 column 1 (char 0)
MffLigFmH
Expecting value: line 1 column 1 (char 0)
MfdxybjWX
Expecting value: line 1 column 1 (char 0)
MfcOt9ZUq
Expecting value: line 2 column 3 (char 3)
MfcN4xY1T
Expecting value: line 2 column 3 (char 3)
MfUesuH0w
Expecting value: line 1 column 1 (char 0)
MfrCMewIp
Expecting value: line 1 column 1 (char 0)
Mfry7wDuM
Expecting value: line 1 column 1 (char 0)
Mfja95fuk
Expecting value: line 2 column 3 (char 3)
Mfj994iqh
Expecting value: line 1 column 1 (char 0)
Mfj6RvDWt
Expecting value: line 1 column 1 (char 0)
MfaDP9Wa8
Expecting value: line 2 column 3 (char 3)
MfaDy644B
Expecting value: line 2 column 3 (char 3)
Mf1UKyFdL
Expecting value: line 1 column 1 (char 0)
Mf1TjnKhi
Expecting value: line 1 column 1 (char 0)
MeSDh9bgo
Expecting value: line 1 column 1 (char 0)
MeJAPli7P
Expecting value: line 2 column 3 (char 3)
MeAp4manB
Expecting value: line 1 column 1 (char 0)
MeAoZ3bYz
Expecting value: line 2 column 3 (char 3)
MeAoYryhS
Expecting value: line 1 column 1 (char 0)
Mgo0Z7px2
Expecting value: line 1 column 1 (char 0)
MgvKW2vCw
Expecting value: line 1 column 1 (char 0)
Mgfx3xfLj
Expecting value: line 2 column 3 (char 3)
MfrsCBawN
Expecting value: line 2 column 3 (char 3)
MfiUpnlSl
Expecting value: line 1 column 1 (char 0)
MfavUDNmi
Expecting value: line 2 column 3 (char 3)
MeJzolno6
Expecting value: line 1 column 1 (char 0)
MeAoC5NPf
Expecting value: line 2 column 3 (char 3)
MeAoBrYkZ
Expecting value: line 1 column 1 (char 0)
MeAovxkht
Expecting value: line 1 column 1 (char 0)
MeAoskC8D
Expecting value: line 2 column 3 (char 3)
MgnGyCsNp
Expecting value: line 1 column 1 (char 0)
MgnDnd6tp
Expecting value: line 2 column 3 (char 3)
MgfwAyD6t
Expecting value: line 1 column 1 (char 0)
Mgfuzgm20
Expecting value: line 2 column 3 (char 3)
MgfsEeHkC
Expecting value: line 1 column 1 (char 0)
MfiCShB7A
Expecting value: line 2 column 3 (char 3)
MfizVBhtb
Expecting value: line 1 column 1 (char 0)
Mf1LhnXQm
Expecting value: line 1 column 1 (char 0)
Mf1GCabg6
Expecting value: line 2 column 3 (char 3)
MeSvu1sn7
Expecting value: line 1 column 1 (char 0)
MeSubAy6M
Expecting value: line 1 column 1 (char 0)
MeJz8nXqS
Expecting value: line 2 column 3 (char 3)
MeJyWzP9C
Expecting value: line 2 column 3 (char 3)
MeJyynaCi
Expecting value: line 1 column 1 (char 0)
MeAo7BebS
Expecting value: line 1 column 1 (char 0)
MeAnMlTZa
Expecting value: line 1 column 1 (char 0)
MeAnKxf9C
Expecting value: line 2 column 3 (char 3)
Mgv1Bi47g
Expecting value: line 2 column 3 (char 3)
MguXAtIBc
Expecting value: line 1 column 1 (char 0)
Mgfrrt2dw
Expecting value: line 1 column 1 (char 0)
MgfrmojtG
Expecting value: line 1 column 1 (char 0)
MgfoRecNi
Expecting value: line 2 column 3 (char 3)
Mfi0Zl9nN
Expecting value: line 1 column 1 (char 0)
MeSq7eBYT
Expecting value: line 1 column 1 (char 0)
MeJxnkFI5
Expecting value: line 2 column 3 (char 3)
MeJxflYl2
Expecting value: line 1 column 1 (char 0)
MeAmMfqWL
Expecting value: line 2 column 3 (char 3)
MeAmG3d8d
Expecting value: line 1 column 1 (char 0)
MgnuU6HgF
Expecting value: line 2 column 3 (char 3)
MgfnA2LJq
Expecting value: line 1 column 1 (char 0)
MgfmYziBM
Expecting value: line 2 column 3 (char 3)
MgfmM8DbX
Expecting value: line 1 column 1 (char 0)
MgfmDgGX7
Expecting value: line 2 column 3 (char 3)
MfhRNqoQr
Expecting value: line 1 column 1 (char 0)
MeSm43uBG
Expecting value: line 2 column 3 (char 3)
MeSlLqlQN
Expecting value: line 2 column 3 (char 3)
MeJuZjjDB
Expecting value: line 1 column 1 (char 0)
MeJuMh2zl
Expecting value: line 1 column 1 (char 0)
MeAmO6jRh
Expecting value: line 1 column 1 (char 0)
MgnhTsfH9
Expecting value: line 1 column 1 (char 0)
MgfidlpAj
Expecting value: line 2 column 3 (char 3)
MgfhNow6u
Expecting value: line 1 column 1 (char 0)
Mgfha5wxX
Expecting value: line 1 column 1 (char 0)
Mfa4vkLEH
Expecting value: line 1 column 1 (char 0)
Mf1yaxi48
Expecting value: line 2 column 3 (char 3)
MeSkAr8V7
Expecting value: line 2 column 3 (char 3)
MeSjbxwww
Expecting value: line 1 column 1 (char 0)
MeAl5E6Vg
Expecting value: line 1 column 1 (char 0)
Mgngwl6f9
Expecting value: line 1 column 1 (char 0)
Mgne97sl0
Expecting value: line 2 column 3 (char 3)
Mgfg3dmOs
Expecting value: line 2 column 3 (char 3)
MgffEDoTw
Expecting value: line 1 column 1 (char 0)
MgffmE5U3
Expecting value: line 2 column 3 (char 3)
Mf9YZnhha
Expecting value: line 1 column 1 (char 0)
Mf1xB4S59
Expecting value: line 2 column 3 (char 3)
Mf1xujb4R
Expecting value: line 2 column 3 (char 3)
MeSdcsCyV
Expecting value: line 1 column 1 (char 0)
MeSbSyaHb
Expecting value: line 1 column 1 (char 0)
MeAlTjVgC
Expecting value: line 1 column 1 (char 0)
MeAlS5Nn9
Expecting value: line 2 column 3 (char 3)
MeAlEdyNO
Expecting value: line 2 column 3 (char 3)
Mgfe4w88K
Expecting value: line 1 column 1 (char 0)
MgfdlFCBW
Expecting value: line 1 column 1 (char 0)
Mf9RBFd0p
Expecting value: line 1 column 1 (char 0)
Mf1ux85jS
Expecting value: line 2 column 3 (char 3)
Mf1tKjj9M
Expecting value: line 2 column 3 (char 3)
Mf1tpiicD
Expecting value: line 1 column 1 (char 0)
MeS6SnLAM
Expecting value: line 1 column 1 (char 0)
MeS5u3zWU
Expecting value: line 1 column 1 (char 0)
Mgn0EyYGo
Expecting value: line 2 column 3 (char 3)
MgmYqBu9g
Expecting value: line 1 column 1 (char 0)
Mgfa3uAzH
Expecting value: line 2 column 3 (char 3)
Mgf9d9iWM
Expecting value: line 1 column 1 (char 0)
Mgf93rrxn
Expecting value: line 1 column 1 (char 0)
Mgf8WhyiC
Expecting value: line 2 column 3 (char 3)
Mf9JlinCm
Expecting value: line 1 column 1 (char 0)
Mf1thCiu8
Expecting value: line 1 column 1 (char 0)
Mf1rRA11f
Expecting value: line 1 column 1 (char 0)
Mf1r90dkb
Expecting value: line 1 column 1 (char 0)
MeS5plZVM
Expecting value: line 2 column 3 (char 3)
MeJpmExbF
Expecting value: line 2 column 3 (char 3)
MeJo62zkp
Expecting value: line 1 column 1 (char 0)
MeJnZfLEt
Expecting value: line 1 column 1 (char 0)
MeAjijyw2
Expecting value: line 2 column 3 (char 3)
MeAjhpcGS
Expecting value: line 2 column 3 (char 3)
MeAjgvY13
Expecting value: line 2 column 3 (char 3)
MeAj0vhc1
Expecting value: line 1 column 1 (char 0)
MgmWNy4zV
Expecting value: line 1 column 1 (char 0)
MgmS6gbA5
Expecting value: line 1 column 1 (char 0)
Mgf6S7rRG
Expecting value: line 2 column 3 (char 3)
Mf9HP1GZw
Expecting value: line 2 column 3 (char 3)
Mf1qGyBbg
Expecting value: line 1 column 1 (char 0)
Mf1pFEoPQ
Expecting value: line 1 column 1 (char 0)
Mf1oQfDSh
Expecting value: line 2 column 3 (char 3)
MeRXLlCUp
Expecting value: line 2 column 3 (char 3)
MeRWKn0CW
Expecting value: line 1 column 1 (char 0)
MeRWyhg4U
Expecting value: line 1 column 1 (char 0)
MgmQui1Y7
Expecting value: line 1 column 1 (char 0)
Mgf5r7wVX
Expecting value: line 2 column 3 (char 3)
Mgf3wBLCK
Expecting value: line 1 column 1 (char 0)
Mf9ENa4Ux
Expecting value: line 1 column 1 (char 0)
Mf9z9vsTA
Expecting value: line 2 column 3 (char 3)
MeJlpp9I2
Expecting value: line 1 column 1 (char 0)
MeJkO98Fu
Expecting value: line 1 column 1 (char 0)
MeAjrnB4r
Expecting value: line 2 column 3 (char 3)
MgmCNqzGC
Expecting value: line 1 column 1 (char 0)
MgmBsCV4E
Expecting value: line 2 column 3 (char 3)
MgmBa2e0l
Expecting value: line 1 column 1 (char 0)
Mf9xjfNyo
Expecting value: line 2 column 3 (char 3)
MeRQcnLqS
Expecting value: line 1 column 1 (char 0)
MeRPEs7Xw
Expecting value: line 1 column 1 (char 0)
MeRNMC5h7
Expecting value: line 2 column 3 (char 3)
MeAiSigvW
Expecting value: line 1 column 1 (char 0)
MeAiQbYZF
Expecting value: line 2 column 3 (char 3)
MeAiK0RVX
Expecting value: line 2 column 3 (char 3)
MeAiAcoas
Expecting value: line 1 column 1 (char 0)
MgmzKiE3V
Expecting value: line 1 column 1 (char 0)
MgeXCuXmm
Expecting value: line 2 column 3 (char 3)
MgeWFbTKd
Expecting value: line 2 column 3 (char 3)
MgeWapHne
Expecting value: line 1 column 1 (char 0)
MgeVQ2xnz
Expecting value: line 1 column 1 (char 0)
Mf9oYlgUd
Expecting value: line 1 column 1 (char 0)
Mf9nTiUJn
Expecting value: line 2 column 3 (char 3)
Mf9gwu5Qp
Expecting value: line 2 column 3 (char 3)
Mf1k9fnEm
Expecting value: line 1 column 1 (char 0)
Mf1iYtnXO
Expecting value: line 1 column 1 (char 0)
Mf1i2k3zE
Expecting value: line 1 column 1 (char 0)
MeRMf7f80
Expecting value: line 2 column 3 (char 3)
MeRLCafmS
Expecting value: line 1 column 1 (char 0)
MeJiPfP6Z
Expecting value: line 2 column 3 (char 3)
MeJiq7KMA
Expecting value: line 1 column 1 (char 0)
MeAig6Np8
Expecting value: line 2 column 3 (char 3)
MeAia03Td
Expecting value: line 2 column 3 (char 3)
MgeTBaI78
Expecting value: line 1 column 1 (char 0)
Mf9c7t8h4
Expecting value: line 1 column 1 (char 0)
Mf9ac4mXo
Expecting value: line 1 column 1 (char 0)
Mf99W4LyU
Expecting value: line 2 column 3 (char 3)
Mf1eH7koS
Expecting value: line 2 column 3 (char 3)
MeRGkoO1X
Expecting value: line 1 column 1 (char 0)
MeRCelQsF
Expecting value: line 1 column 1 (char 0)
MeJgLxcS2
Expecting value: line 2 column 3 (char 3)
MeAhsxAp8
Expecting value: line 1 column 1 (char 0)
Mgmi0cMxj
Expecting value: line 1 column 1 (char 0)
Mgmhr32Nz
Expecting value: line 2 column 3 (char 3)
MgmcjD4aH
Expecting value: line 1 column 1 (char 0)
MgeTkk3kx
Expecting value: line 1 column 1 (char 0)
Mf8Ztf5D5
Expecting value: line 2 column 3 (char 3)
Mf8XUgrN5
Expecting value: line 2 column 3 (char 3)
MeJfVwPuy
Expecting value: line 1 column 1 (char 0)
MeJeYt9iA
Expecting value: line 1 column 1 (char 0)
MeJexwpOj
Expecting value: line 2 column 3 (char 3)
MeAfiEXJk
Expecting value: line 2 column 3 (char 3)
Mgmby5XgS
Expecting value: line 1 column 1 (char 0)
Mgm9S43XL
Expecting value: line 1 column 1 (char 0)
Mgm6wmhrJ
Expecting value: line 1 column 1 (char 0)
MgeROnapK
Expecting value: line 1 column 1 (char 0)
MgeQDCgNi
Expecting value: line 2 column 3 (char 3)
MgePTxADs
Expecting value: line 1 column 1 (char 0)
MgePd0LlB
Expecting value: line 2 column 3 (char 3)
MgeOOrWyC
Expecting value: line 1 column 1 (char 0)
Mf0Sc6gOE
Expecting value: line 2 column 3 (char 3)
MeRtm5b11
Expecting value: line 2 column 3 (char 3)
MglU49BUG
Expecting value: line 1 column 1 (char 0)
MgeNSvMLy
Expecting value: line 1 column 1 (char 0)
MgeNj4slA
Expecting value: line 2 column 3 (char 3)
MgeNcAoD7
Expecting value: line 1 column 1 (char 0)
MgeLNrlof
Expecting value: line 1 column 1 (char 0)
MgeLN5mRM
Expecting value: line 1 column 1 (char 0)
Mf8LIqtlL
Expecting value: line 2 column 3 (char 3)
Mf8LE1OGu
Expecting value: line 1 column 1 (char 0)
Mf8JQhJcd
Expecting value: line 2 column 3 (char 3)
Mf8JerbrY
Expecting value: line 2 column 3 (char 3)
Mf0On8jnT
Expecting value: line 1 column 1 (char 0)
Mf0O3AOfL
Expecting value: line 1 column 1 (char 0)
MeRtbafxB
Expecting value: line 1 column 1 (char 0)
MeJchb2G5
Expecting value: line 2 column 3 (char 3)
MeAfZ9MSW
Expecting value: line 1 column 1 (char 0)
MglNetKBH
Expecting value: line 2 column 3 (char 3)
MglMx3GRB
Expecting value: line 1 column 1 (char 0)
MglM6F3Is
Expecting value: line 2 column 3 (char 3)
MglKYnLNz
Expecting value: line 2 column 3 (char 3)
MgeLgDiAs
Expecting value: line 1 column 1 (char 0)
Mf8GVuuSn
Expecting value: line 1 column 1 (char 0)
Mf8ELzENL
Expecting value: line 1 column 1 (char 0)
Mf8E2m2OU
Expecting value: line 2 column 3 (char 3)
Mf0KLpMW6
Expecting value: line 2 column 3 (char 3)
Mf0KczSbs
Expecting value: line 1 column 1 (char 0)
Mf0JY8qiE
Expecting value: line 1 column 1 (char 0)
MeRnsjeHU
Expecting value: line 2 column 3 (char 3)
MeRnjqc0k
Expecting value: line 1 column 1 (char 0)
MeRmhmepM
Expecting value: line 2 column 3 (char 3)
MglEDE0I5
Expecting value: line 1 column 1 (char 0)
MglBNhRxr
Expecting value: line 1 column 1 (char 0)
MglBtdp7D
Expecting value: line 2 column 3 (char 3)
MgeIPjGHJ
Expecting value: line 1 column 1 (char 0)
Mf0CjeNwS
Expecting value: line 2 column 3 (char 3)
MeRgVvTXh
Expecting value: line 1 column 1 (char 0)
MeRfj1Thk
Expecting value: line 1 column 1 (char 0)
MeJa01WDe
Expecting value: line 2 column 3 (char 3)
MeJ9m6dZf
Expecting value: line 2 column 3 (char 3)
MeJ9hE2q8
Expecting value: line 1 column 1 (char 0)
MeJ8zDrgm
Expecting value: line 1 column 1 (char 0)
MeAezrkbC
Expecting value: line 1 column 1 (char 0)
MeAeweBMy
Expecting value: line 2 column 3 (char 3)
MeAeaARxx
Expecting value: line 1 column 1 (char 0)
MeAe99wPg
Expecting value: line 1 column 1 (char 0)
MeAe53zMs
Expecting value: line 2 column 3 (char 3)
MglyMf5T6
Expecting value: line 1 column 1 (char 0)
MgeHW6zYU
Expecting value: line 2 column 3 (char 3)
MgeHPy7C9
Expecting value: line 1 column 1 (char 0)
MgeGKvKFW
Expecting value: line 1 column 1 (char 0)
MgeGq9GIF
Expecting value: line 2 column 3 (char 3)
MgeG9fJDk
Expecting value: line 1 column 1 (char 0)
MgeFHrYS9
Expecting value: line 2 column 3 (char 3)
Mf8rc3koi
Expecting value: line 2 column 3 (char 3)
Mf0wVlvVz
Expecting value: line 1 column 1 (char 0)
MeRdyhih2
Expecting value: line 1 column 1 (char 0)
MeRcIi0Ir
Expecting value: line 2 column 3 (char 3)
MeRaCzIrZ
Expecting value: line 2 column 3 (char 3)
MeR7C8AZc
Expecting value: line 1 column 1 (char 0)
MeR6xB252
Expecting value: line 1 column 1 (char 0)
MeAdCBXCE
Expecting value: line 1 column 1 (char 0)
MglwQyvJa
Expecting value: line 2 column 3 (char 3)
MglvZ4AqJ
Expecting value: line 2 column 3 (char 3)
MgltwB08K
Expecting value: line 1 column 1 (char 0)
MgeEF4caY
Expecting value: line 1 column 1 (char 0)
MgeEv3Dtj
Expecting value: line 1 column 1 (char 0)
MgeEuFcpF
Expecting value: line 2 column 3 (char 3)
MgeEbfFug
Expecting value: line 2 column 3 (char 3)
Mf84H19Xj
Expecting value: line 1 column 1 (char 0)
MeR2OeYYj
Expecting value: line 1 column 1 (char 0)
MeJ6RdESe
Expecting value: line 1 column 1 (char 0)
MeJ5fCCLw
Expecting value: line 2 column 3 (char 3)
MeAdfiA0w
Expecting value: line 1 column 1 (char 0)
MeAd16xrs
Expecting value: line 1 column 1 (char 0)
MeAcGEJy0
Expecting value: line 2 column 3 (char 3)
Mf81QDFbe
Expecting value: line 1 column 1 (char 0)
Mf80NDc0g
Expecting value: line 2 column 3 (char 3)
Mf7SRgqjx
Expecting value: line 1 column 1 (char 0)
Mf0dr5BR9
Expecting value: line 2 column 3 (char 3)
Mf09KFx9N
Expecting value: line 1 column 1 (char 0)
MeR1DvaI9
Expecting value: line 1 column 1 (char 0)
MeR1c3ESM
Expecting value: line 2 column 3 (char 3)
MeR12hmn1
Expecting value: line 1 column 1 (char 0)
MeAau9W9Y
Expecting value: line 1 column 1 (char 0)
Mgllih9xn
Expecting value: line 1 column 1 (char 0)
MgeBBnUTx
Expecting value: line 2 column 3 (char 3)
MgeAjzLOs
Expecting value: line 2 column 3 (char 3)
MgezBegdu
Expecting value: line 2 column 3 (char 3)
Mf7PNxW8s
Expecting value: line 1 column 1 (char 0)
Mf7LzahGv
Expecting value: line 1 column 1 (char 0)
MeJ3k0Ggi
Expecting value: line 2 column 3 (char 3)
MeA9tgOox
Expecting value: line 1 column 1 (char 0)
Mglg80GLD
Expecting value: line 1 column 1 (char 0)
MglaYwDiz
Expecting value: line 1 column 1 (char 0)
MeQTHcO4A
Expecting value: line 2 column 3 (char 3)
MeJ0TfcWZ
Expecting value: line 2 column 3 (char 3)
MeA9mv8hI
Expecting value: line 2 column 3 (char 3)
MeA95Bc3X
Expecting value: line 1 column 1 (char 0)
MeA8Umu2G
Expecting value: line 1 column 1 (char 0)
Mgl8Kfknv
Expecting value: line 2 column 3 (char 3)
Mgl757Nj4
Expecting value: line 2 column 3 (char 3)
MgewlsdPC
Expecting value: line 1 column 1 (char 0)
MeQMTzW00
Expecting value: line 1 column 1 (char 0)
MeQLwuYqD
Expecting value: line 1 column 1 (char 0)
MeA8FB0ET
Expecting value: line 1 column 1 (char 0)
MgkYFhn8a
Expecting value: line 2 column 3 (char 3)
MeZtT7RUN
Expecting value: line 1 column 1 (char 0)
MeQLdAfSM
Expecting value: line 2 column 3 (char 3)
MeIWEBVrM
Expecting value: line 1 column 1 (char 0)
MeIVcurYY
Expecting value: line 2 column 3 (char 3)
MgkYvypfs
Expecting value: line 1 column 1 (char 0)
MgetNmXEf
Expecting value: line 2 column 3 (char 3)
MeQE0vwNu
Expecting value: line 1 column 1 (char 0)
MeQDStxlh
Expecting value: line 1 column 1 (char 0)
MeQCjiN4Y
Expecting value: line 2 column 3 (char 3)
MeIRuyE6p
Expecting value: line 2 column 3 (char 3)
MeIR5a6c9
Expecting value: line 1 column 1 (char 0)
MeIR0c0gl
Expecting value: line 1 column 1 (char 0)
MeA77B8pL
Expecting value: line 2 column 3 (char 3)
MgesxCTBi
Expecting value: line 2 column 3 (char 3)
MeIPD4PvN
Expecting value: line 1 column 1 (char 0)
MeIMquost
Expecting value: line 1 column 1 (char 0)
MeA6yssIY
Expecting value: line 1 column 1 (char 0)
MeA5XeEcV
Expecting value: line 2 column 3 (char 3)
MgesawHz3
Expecting value: line 2 column 3 (char 3)
MgeqHBvRL
Expecting value: line 1 column 1 (char 0)
MgeqibRtH
Expecting value: line 1 column 1 (char 0)
MeILokYqw
Expecting value: line 1 column 1 (char 0)
MeA5HdXi4
Expecting value: line 1 column 1 (char 0)
MeA5suF7A
Expecting value: line 2 column 3 (char 3)
MeA562jwH
Expecting value: line 1 column 1 (char 0)
Mgepa5ziI
Expecting value: line 2 column 3 (char 3)
MgeoYxUXC
Expecting value: line 1 column 1 (char 0)
MeIJ8jnA8
Expecting value: line 1 column 1 (char 0)
MeIIOaxOh
Expecting value: line 2 column 3 (char 3)
MeA4Zba80
Expecting value: line 2 column 3 (char 3)
MeA4YhW5X
Expecting value: line 1 column 1 (char 0)
MeA4twQCg
Expecting value: line 1 column 1 (char 0)
MeA4s7Hb6
Expecting value: line 2 column 3 (char 3)
MeA7x3eEn
Expecting value: line 2 column 3 (char 3)
MeA7g8aPU
Expecting value: line 1 column 1 (char 0)
MeA4d2qWt
Expecting value: line 1 column 1 (char 0)
MeA3SDUK4
Expecting value: line 1 column 1 (char 0)
Mg6zOFycK
Expecting value: line 2 column 3 (char 3)
Mfv0T53Ix
Expecting value: line 2 column 3 (char 3)
MfuXDdvg8
Expecting value: line 1 column 1 (char 0)
MflBF2kmM
Expecting value: line 1 column 1 (char 0)
MflyV7Q6q
Expecting value: line 2 column 3 (char 3)
MfcahytoY
Expecting value: line 1 column 1 (char 0)
Mf2I5ecva
Expecting value: line 1 column 1 (char 0)
MeJW2hGdZ
Expecting value: line 1 column 1 (char 0)
MeJW2dihm
Expecting value: line 1 column 1 (char 0)
MeJVwB9DC
Expecting value: line 2 column 3 (char 3)
MeAwb0o3B
Expecting value: line 2 column 3 (char 3)
MeAw5nmO2
Expecting value: line 1 column 1 (char 0)
MeAvyenAh
Expecting value: line 2 column 3 (char 3)
MehmagpZf
Expecting value: line 1 column 1 (char 0)
MgCdXfuYh
Expecting value: line 2 column 3 (char 3)
MgyPB9OZY
Expecting value: line 2 column 3 (char 3)
Mgg5Thmgb
Expecting value: line 1 column 1 (char 0)
MfNHR1SUS
Expecting value: line 1 column 1 (char 0)
MfNEFjBLl
Expecting value: line 1 column 1 (char 0)
MfuL2b3Rq
Expecting value: line 2 column 3 (char 3)
MfuKIaZOW
Expecting value: line 2 column 3 (char 3)
MeJUTh4Ok
Expecting value: line 1 column 1 (char 0)
MehdMdA18
Expecting value: line 1 column 1 (char 0)
Meh42tQkn
Expecting value: line 1 column 1 (char 0)
MgyI8aXlE
Expecting value: line 2 column 3 (char 3)
Mgg3F1acW
Expecting value: line 2 column 3 (char 3)
Mgg3e4qfw
Expecting value: line 1 column 1 (char 0)
Mgg1ioVfi
Expecting value: line 1 column 1 (char 0)
Mg6gMbdLe
Expecting value: line 1 column 1 (char 0)
MfWNRu8qQ
Expecting value: line 2 column 3 (char 3)
MfNrKcHh4
Expecting value: line 2 column 3 (char 3)
MfNmJDSdV
Expecting value: line 1 column 1 (char 0)
Mfc2vl5K6
Expecting value: line 1 column 1 (char 0)
MeTfK36dX
Expecting value: line 2 column 3 (char 3)
MeAuGuNVo
Expecting value: line 1 column 1 (char 0)
MeqmFg9P7
Expecting value: line 2 column 3 (char 3)
Meg5kzxu1
Expecting value: line 1 column 1 (char 0)
MgfYEq8p4
Expecting value: line 1 column 1 (char 0)
MgfYco4c5
Expecting value: line 2 column 3 (char 3)
MfWJB2pEH
Expecting value: line 2 column 3 (char 3)
MfNlT5oLS
Expecting value: line 1 column 1 (char 0)
MfDQF7Pxu
Expecting value: line 1 column 1 (char 0)
MfDJx3mJ6
Expecting value: line 1 column 1 (char 0)
Mfl030WXx
Expecting value: line 2 column 3 (char 3)
MfbX7nofo
Expecting value: line 1 column 1 (char 0)
MeeA1nHvX
Expecting value: line 2 column 3 (char 3)
Mgy13tctE
Expecting value: line 1 column 1 (char 0)
MgfWJmgLd
Expecting value: line 1 column 1 (char 0)
MfMNjx186
Expecting value: line 2 column 3 (char 3)
MftXQrSIt
Expecting value: line 1 column 1 (char 0)
MfkXU2DHU
Expecting value: line 2 column 3 (char 3)
MfbIk9Xqp
Expecting value: line 1 column 1 (char 0)
MephT3vAt
Expecting value: line 2 column 3 (char 3)
MeoVjiCrd
Expecting value: line 1 column 1 (char 0)
MgpfnaGbx
Expecting value: line 2 column 3 (char 3)
MgfRtqzBd
Expecting value: line 1 column 1 (char 0)
MgfQZ1KJj
Expecting value: line 1 column 1 (char 0)
MfDk5n622
Expecting value: line 1 column 1 (char 0)
MftKDzY5L
Expecting value: line 2 column 3 (char 3)
MfkIewba7
Expecting value: line 1 column 1 (char 0)
MfkC98svf
Expecting value: line 1 column 1 (char 0)
MfbBdjEkC
Expecting value: line 1 column 1 (char 0)
MfbATbTbc
Expecting value: line 2 column 3 (char 3)
Mf2npDYJm
Expecting value: line 2 column 3 (char 3)
MeT7o132v
Expecting value: line 2 column 3 (char 3)
MeT5ow5Jx
Expecting value: line 1 column 1 (char 0)
MeJOg3eb6
Expecting value: line 1 column 1 (char 0)
MeJND2UuK
Expecting value: line 2 column 3 (char 3)
MeAskbvYR
Expecting value: line 2 column 3 (char 3)
Mgp4MzsE0
Expecting value: line 1 column 1 (char 0)
MgxC9buDh
Expecting value: line 1 column 1 (char 0)
MgfPZxLsB
Expecting value: line 1 column 1 (char 0)
Mg4YahlE2
Expecting value: line 2 column 3 (char 3)
MftCJaG5C
Expecting value: line 2 column 3 (char 3)
MftzKpbQt
Expecting value: line 1 column 1 (char 0)
Mfkpie5Fc
Expecting value: line 1 column 1 (char 0)
MeT4kxYmo
Expecting value: line 1 column 1 (char 0)
MeT0y0ia6
Expecting value: line 2 column 3 (char 3)
MeArQDsLi
Expecting value: line 1 column 1 (char 0)
MgoV8erkY
Expecting value: line 2 column 3 (char 3)
MgfMwF0iS
Expecting value: line 1 column 1 (char 0)
MgfLmiy6S
Expecting value: line 1 column 1 (char 0)
MftsGcqOL
Expecting value: line 2 column 3 (char 3)
MftqE0SNH
Expecting value: line 1 column 1 (char 0)
MftbXkybu
Expecting value: line 1 column 1 (char 0)
Mft9Riu7G
Expecting value: line 1 column 1 (char 0)
Mft86fcL6
Expecting value: line 1 column 1 (char 0)
MfboDxykc
Expecting value: line 2 column 3 (char 3)
Mfbn1Aw0Y
Expecting value: line 2 column 3 (char 3)
MeJKzjkGu
Expecting value: line 1 column 1 (char 0)
MeJJPqOWR
Expecting value: line 2 column 3 (char 3)
MeArgEStw
Expecting value: line 1 column 1 (char 0)
MgoLADLsF
Expecting value: line 2 column 3 (char 3)
Mg3TcwZBC
Expecting value: line 2 column 3 (char 3)
MfLBalCgo
Expecting value: line 1 column 1 (char 0)
MfC34c7EO
Expecting value: line 1 column 1 (char 0)
MfBXA15QO
Expecting value: line 2 column 3 (char 3)
MfjHDcOXV
Expecting value: line 1 column 1 (char 0)
MfbgMfuuK
Expecting value: line 1 column 1 (char 0)
Mf2730p1H
Expecting value: line 1 column 1 (char 0)
MeSUwdsv6
Expecting value: line 1 column 1 (char 0)
MeSTxzpnL
Expecting value: line 2 column 3 (char 3)
Mgx4meI66
Expecting value: line 1 column 1 (char 0)
MgfFBF3Oa
Expecting value: line 1 column 1 (char 0)
MfKZ7F53R
Expecting value: line 2 column 3 (char 3)
MfKQZBRsj
Expecting value: line 2 column 3 (char 3)
MfBDkdPPE
Expecting value: line 1 column 1 (char 0)
MfBukh8wG
Expecting value: line 1 column 1 (char 0)
MfBsl57W6
Expecting value: line 2 column 3 (char 3)
MfjFjiw63
Expecting value: line 2 column 3 (char 3)
MfjyBgt2Y
Expecting value: line 1 column 1 (char 0)
Mf26plalU
Expecting value: line 1 column 1 (char 0)
Mf25eFLnf
Expecting value: line 1 column 1 (char 0)
MeJFenlG3
Expecting value: line 1 column 1 (char 0)
MfVakkraf
Expecting value: line 2 column 3 (char 3)
MfKml1QW6
Expecting value: line 1 column 1 (char 0)
MfsqIrHc8
Expecting value: line 2 column 3 (char 3)
Mf1ZNeQCv
Expecting value: line 2 column 3 (char 3)
MeJEkapQ5
Expecting value: line 2 column 3 (char 3)
MeApagOqb
Expecting value: line 1 column 1 (char 0)
MgfCSAuyQ
Expecting value: line 1 column 1 (char 0)
MgfCawCSl
Expecting value: line 1 column 1 (char 0)
MfaGxkazb
Expecting value: line 2 column 3 (char 3)
Mf1W5AE11
Expecting value: line 1 column 1 (char 0)
MeSI5yHoC
Expecting value: line 2 column 3 (char 3)
MeSHaed7U
Expecting value: line 1 column 1 (char 0)
MeSFzt8SM
Expecting value: line 1 column 1 (char 0)
Mgwm3jUPm
Expecting value: line 2 column 3 (char 3)
Mgwit31mR
Expecting value: line 2 column 3 (char 3)
Mgw17e9mg
Expecting value: line 1 column 1 (char 0)
MgfA7v7Qx
Expecting value: line 1 column 1 (char 0)
Mgfzg5Bip
Expecting value: line 2 column 3 (char 3)
MfrAwwKff
Expecting value: line 1 column 1 (char 0)
MfjgnftaM
Expecting value: line 2 column 3 (char 3)
MfaF4imlf
Expecting value: line 1 column 1 (char 0)
MeJBS34ph
Expecting value: line 2 column 3 (char 3)
Mgo0ift05
Expecting value: line 1 column 1 (char 0)
MgvTRdcph
Expecting value: line 2 column 3 (char 3)
MgvoolJ9e
Expecting value: line 1 column 1 (char 0)
MgfzaszQz
Expecting value: line 1 column 1 (char 0)
MfrpErjQU
Expecting value: line 1 column 1 (char 0)
Mfrlv9u8B
Expecting value: line 2 column 3 (char 3)
Mfr7agNUA
Expecting value: line 1 column 1 (char 0)
Mfj2HxK6K
Expecting value: line 1 column 1 (char 0)
Mfj2Dlcg7
Expecting value: line 1 column 1 (char 0)
MfaxusmlB
Expecting value: line 2 column 3 (char 3)
MeSC6qtLE
Expecting value: line 1 column 1 (char 0)
MeSAKbuY9
Expecting value: line 1 column 1 (char 0)
MgnNoDdjr
Expecting value: line 1 column 1 (char 0)
MgnNmefQ8
Expecting value: line 1 column 1 (char 0)
Mgvl6toyl
Expecting value: line 2 column 3 (char 3)
Mgvg6v7QO
Expecting value: line 1 column 1 (char 0)
MfiIivsOs
Expecting value: line 2 column 3 (char 3)
Mfatd7oze
Expecting value: line 1 column 1 (char 0)
Mfapb8cLa
Expecting value: line 2 column 3 (char 3)
Mf1JMoHpp
Expecting value: line 2 column 3 (char 3)
MeSxsgXsA
Expecting value: line 1 column 1 (char 0)
MeJyg5bRV
Expecting value: line 2 column 3 (char 3)
MeAo4ld0U
Expecting value: line 1 column 1 (char 0)
MeAnR4BlA
Expecting value: line 1 column 1 (char 0)
MgfqyaoQe
Expecting value: line 1 column 1 (char 0)
MfiblvMfo
Expecting value: line 1 column 1 (char 0)
Mfankbpyn
Expecting value: line 2 column 3 (char 3)
Mfafzqtmg
Expecting value: line 2 column 3 (char 3)
MeAmbnC5J
Expecting value: line 2 column 3 (char 3)
MgntzCNbi
Expecting value: line 1 column 1 (char 0)
Mgnr9eE1y
Expecting value: line 1 column 1 (char 0)
MfhKJdBs2
Expecting value: line 1 column 1 (char 0)
Mfaehp5Ot
Expecting value: line 1 column 1 (char 0)
MfabYFCuP
Expecting value: line 2 column 3 (char 3)
Mf1AZs77W
Expecting value: line 1 column 1 (char 0)
MeSnvkZcr
Expecting value: line 2 column 3 (char 3)
MeSkDrLIi
Expecting value: line 2 column 3 (char 3)
MgfjMfBha
Expecting value: line 2 column 3 (char 3)
Mgfizex1t
Expecting value: line 1 column 1 (char 0)
Mf1AnByPJ
Expecting value: line 1 column 1 (char 0)
Mf1zhqxCM
Expecting value: line 2 column 3 (char 3)
Mf1yjpfWu
Expecting value: line 1 column 1 (char 0)
MeJulqTtn
Expecting value: line 2 column 3 (char 3)
MeJtEis40
Expecting value: line 1 column 1 (char 0)
MeAl7qzOA
Expecting value: line 2 column 3 (char 3)
MgfeR4qqc
Expecting value: line 1 column 1 (char 0)
MgfeabmvV
Expecting value: line 1 column 1 (char 0)
Mf9TwsAW6
Expecting value: line 1 column 1 (char 0)
Mf1xjkYeR
Expecting value: line 2 column 3 (char 3)
MeSdcsBmA
Expecting value: line 1 column 1 (char 0)
MeJsv4BBh
Expecting value: line 1 column 1 (char 0)
MeAllBxB8
Expecting value: line 2 column 3 (char 3)
MgnavFMyS
Expecting value: line 2 column 3 (char 3)
Mgn4Wjv0B
Expecting value: line 1 column 1 (char 0)
MgfdMwRGR
Expecting value: line 1 column 1 (char 0)
MgfcjgL8D
Expecting value: line 1 column 1 (char 0)
Mf9Rwl8Sg
Expecting value: line 2 column 3 (char 3)
Mf9PQ2IYY
Expecting value: line 2 column 3 (char 3)
Mf9O9tBeH
Expecting value: line 2 column 3 (char 3)
MeS8blFuQ
Expecting value: line 1 column 1 (char 0)
MeJqYtU03
Expecting value: line 1 column 1 (char 0)
MgfbYAE5c
Expecting value: line 2 column 3 (char 3)
MgfbGtFGM
Expecting value: line 1 column 1 (char 0)
MgfbF5Cqq
Expecting value: line 1 column 1 (char 0)
MgmSvkVLQ
Expecting value: line 2 column 3 (char 3)
Mgf6IEXZA
Expecting value: line 1 column 1 (char 0)
Mf9FGCzEW
Expecting value: line 1 column 1 (char 0)
Mf1oTbQzr
Expecting value: line 2 column 3 (char 3)
MeRXBhJIN
Expecting value: line 1 column 1 (char 0)
MeRUP2EDx
Expecting value: line 1 column 1 (char 0)
MeJnq3PMG
Expecting value: line 2 column 3 (char 3)
MeJlL0GmT
Expecting value: line 1 column 1 (char 0)
Mgf2TjT4G
Expecting value: line 2 column 3 (char 3)
Mf1nxAqGO
Expecting value: line 2 column 3 (char 3)
MeRRB0T3J
Expecting value: line 1 column 1 (char 0)
MeRRvq3k8
Expecting value: line 2 column 3 (char 3)
MeRQgdcos
Expecting value: line 1 column 1 (char 0)
MeJl3cczo
Expecting value: line 2 column 3 (char 3)
MeAjszx5p
Expecting value: line 1 column 1 (char 0)
MgmG7Cn4Z
Expecting value: line 2 column 3 (char 3)
Mgf0vxV0w
Expecting value: line 1 column 1 (char 0)
MgeZYcQzz
Expecting value: line 1 column 1 (char 0)
MgeYTs52Z
Expecting value: line 2 column 3 (char 3)
MgeYL7mHE
Expecting value: line 1 column 1 (char 0)
MeJibzuwV
Expecting value: line 2 column 3 (char 3)
MeJhDCNdj
Expecting value: line 1 column 1 (char 0)
MeAidsb9h
Expecting value: line 1 column 1 (char 0)
MgmsjB4c4
Expecting value: line 1 column 1 (char 0)
MgeV8yX5b
Expecting value: line 1 column 1 (char 0)
MeRHYmBuU
Expecting value: line 2 column 3 (char 3)
MeRHcdR2z
Expecting value: line 2 column 3 (char 3)
MeAhTEcUv
Expecting value: line 1 column 1 (char 0)
MeAhGpOei
Expecting value: line 2 column 3 (char 3)
MgmgaCUsx
Expecting value: line 1 column 1 (char 0)
Mf0YHePTD
Expecting value: line 1 column 1 (char 0)
MgeRl6VHX
Expecting value: line 2 column 3 (char 3)
Mf8XqqNUV
Expecting value: line 2 column 3 (char 3)
Mf8VlgROc
Expecting value: line 1 column 1 (char 0)
Mf0V36eL3
Expecting value: line 1 column 1 (char 0)
MeJdFwmql
Expecting value: line 1 column 1 (char 0)
MeJcKe3Yu
Expecting value: line 2 column 3 (char 3)
MeAgscOn4
Expecting value: line 2 column 3 (char 3)
MeRobxXNs
Expecting value: line 1 column 1 (char 0)
MeAgcdcfK
Expecting value: line 2 column 3 (char 3)
MeAfICWUv
Expecting value: line 1 column 1 (char 0)
MglOF6zhk
Expecting value: line 1 column 1 (char 0)
MgeLfbYb1
Expecting value: line 1 column 1 (char 0)
MgeLf7xF9
Expecting value: line 2 column 3 (char 3)
MgeJBffdW
Expecting value: line 1 column 1 (char 0)
Mf8Hvxu9a
Expecting value: line 2 column 3 (char 3)
Mf0KQraX8
Expecting value: line 1 column 1 (char 0)
MeRne8iqv
Expecting value: line 1 column 1 (char 0)
MeRkoj971
Expecting value: line 2 column 3 (char 3)
MeJc1wkPa
Expecting value: line 2 column 3 (char 3)
MeJbMtgFn
Expecting value: line 1 column 1 (char 0)
Mf8vMhV7t
Expecting value: line 2 column 3 (char 3)
MeRhNhFQo
Expecting value: line 1 column 1 (char 0)
MeAeC3JlQ
Expecting value: line 2 column 3 (char 3)
MeAes4fpU
Expecting value: line 1 column 1 (char 0)
MgeHW5vMn
Expecting value: line 1 column 1 (char 0)
Mf8py7IDU
Expecting value: line 1 column 1 (char 0)
MeR70wlgd
Expecting value: line 1 column 1 (char 0)
MeAdQwoRe
Expecting value: line 2 column 3 (char 3)
MglvGpfHh
Expecting value: line 2 column 3 (char 3)
Mf8ac27Fx
Expecting value: line 1 column 1 (char 0)
Mf0my3nbS
Expecting value: line 2 column 3 (char 3)
MeR5MyItM
Expecting value: line 1 column 1 (char 0)
MeR4qDwRt
Expecting value: line 1 column 1 (char 0)
MeJ6ufb2X
Expecting value: line 2 column 3 (char 3)
MeJ69fhPv
Expecting value: line 1 column 1 (char 0)
MeAd97rjr
Expecting value: line 1 column 1 (char 0)
MglqBqF7D
Expecting value: line 1 column 1 (char 0)
MgeCO9Bro
Expecting value: line 2 column 3 (char 3)
Mf7Wq5YNA
Expecting value: line 2 column 3 (char 3)
Mf0beiWKZ
Expecting value: line 1 column 1 (char 0)
MeQZy5P0f
Expecting value: line 1 column 1 (char 0)
MeAakt9dT
Expecting value: line 2 column 3 (char 3)
MgeACwFOZ
Expecting value: line 1 column 1 (char 0)
Mf7NTDPmJ
Expecting value: line 2 column 3 (char 3)
MeQXd1M4x
Expecting value: line 2 column 3 (char 3)
MeQTUe1eC
Expecting value: line 1 column 1 (char 0)
MeA9Wx0OV
Expecting value: line 2 column 3 (char 3)
MgeyYvAv3
Expecting value: line 1 column 1 (char 0)
Mgey2AxKh
Expecting value: line 1 column 1 (char 0)
Mgey19d0c
Expecting value: line 2 column 3 (char 3)
MeZS2BxTE
Expecting value: line 1 column 1 (char 0)
MeQQlv2oB
Expecting value: line 1 column 1 (char 0)
MeJ0H9rWL
Expecting value: line 1 column 1 (char 0)
Mgl9fxqNo
Expecting value: line 1 column 1 (char 0)
Mgl7eyVk0
Expecting value: line 2 column 3 (char 3)
MeZK9Cuqq
Expecting value: line 2 column 3 (char 3)
MeZEW2Io0
Expecting value: line 2 column 3 (char 3)
MeIYooPLz
Expecting value: line 1 column 1 (char 0)
MeIXlrEbE
Expecting value: line 1 column 1 (char 0)
MeA8RssWM
Expecting value: line 1 column 1 (char 0)
MeA8wsy1Q
Expecting value: line 1 column 1 (char 0)
Mgl5d1gFm
Expecting value: line 2 column 3 (char 3)
MgkZJ8UWG
Expecting value: line 2 column 3 (char 3)
MeQJ2cZmJ
Expecting value: line 1 column 1 (char 0)
MeQGTgSGY
Expecting value: line 2 column 3 (char 3)
MeQGdxzKb
Expecting value: line 1 column 1 (char 0)
MeIWccJbP
Expecting value: line 2 column 3 (char 3)
MgkR4x1U4
Expecting value: line 1 column 1 (char 0)
MeQD35Re6
Expecting value: line 2 column 3 (char 3)
MeQCIpL6R
Expecting value: line 1 column 1 (char 0)
MeIS9jeeH
Expecting value: line 1 column 1 (char 0)
MeA6rCqiZ
Expecting value: line 1 column 1 (char 0)
MeA6lEuUW
Expecting value: line 2 column 3 (char 3)
MeA638b8I
Expecting value: line 1 column 1 (char 0)
MgeqyqSOW
Expecting value: line 2 column 3 (char 3)
MeILv9WK9
Expecting value: line 2 column 3 (char 3)
MeIKsFlmP
Expecting value: line 1 column 1 (char 0)
MeA5G21J7
Expecting value: line 1 column 1 (char 0)
MeIJvEYFE
Expecting value: line 2 column 3 (char 3)
MeA4UbYPm
Expecting value: line 1 column 1 (char 0)
MeA4Bg9Qp
Expecting value: line 2 column 3 (char 3)
MeA66iIRl
Expecting value: line 1 column 1 (char 0)
MeA4qk71y
Expecting value: line 1 column 1 (char 0)
MggbtwVzg
Expecting value: line 2 column 3 (char 3)
MflBGuLjW
Expecting value: line 1 column 1 (char 0)
Mf2LIDqSt
Expecting value: line 2 column 3 (char 3)
Mer3BAOGS
Expecting value: line 1 column 1 (char 0)
Mgg6ylJuQ
Expecting value: line 2 column 3 (char 3)
MfX0d7tZ7
Expecting value: line 1 column 1 (char 0)
MeTinp8Fo
Expecting value: line 1 column 1 (char 0)
MeJUW2hw4
Expecting value: line 2 column 3 (char 3)
MeJUDDrEd
Expecting value: line 1 column 1 (char 0)
MeAvhFkjA
Expecting value: line 1 column 1 (char 0)
MfNuyBn8B
Expecting value: line 1 column 1 (char 0)
MfE1WdBFv
Expecting value: line 2 column 3 (char 3)
MeJT6e6to
Expecting value: line 1 column 1 (char 0)
Meq2Z9TCz
Expecting value: line 2 column 3 (char 3)
MgzRQ3S7Z
Expecting value: line 2 column 3 (char 3)
Mgynnw1W4
Expecting value: line 1 column 1 (char 0)
MgfZdjmVD
Expecting value: line 1 column 1 (char 0)
MfuberTYc
Expecting value: line 2 column 3 (char 3)
MfbUeD89G
Expecting value: line 1 column 1 (char 0)
MfbShcvd8
Expecting value: line 1 column 1 (char 0)
MeJSK3mRj
Expecting value: line 2 column 3 (char 3)
MeJRg9s2G
Expecting value: line 1 column 1 (char 0)
MgfWMBbaG
Expecting value: line 1 column 1 (char 0)
MftUDwwlk
Expecting value: line 2 column 3 (char 3)
MfkQy73Cy
Expecting value: line 2 column 3 (char 3)
MfbKLrkLj
Expecting value: line 1 column 1 (char 0)
Mg5tL4dzE
Expecting value: line 1 column 1 (char 0)
Mg5qo8j69
Expecting value: line 1 column 1 (char 0)
MfMHa5vNn
Expecting value: line 2 column 3 (char 3)
MfDoYfTSo
Expecting value: line 2 column 3 (char 3)
MfkzWiuuT
Expecting value: line 1 column 1 (char 0)
MfkxHv36y
Expecting value: line 2 column 3 (char 3)
MeT52BR0Z
Expecting value: line 1 column 1 (char 0)
MfCMNrRuV
Expecting value: line 1 column 1 (char 0)
MftBelkuw
Expecting value: line 2 column 3 (char 3)
MfbvE9pUP
Expecting value: line 1 column 1 (char 0)
MeArTCYKk
Expecting value: line 2 column 3 (char 3)
MeArzdBIi
Expecting value: line 1 column 1 (char 0)
MgoYczrGi
Expecting value: line 2 column 3 (char 3)
Mg4pCdPWQ
Expecting value: line 1 column 1 (char 0)
MfLUtB5EZ
Expecting value: line 2 column 3 (char 3)
MfClJ13vE
Expecting value: line 1 column 1 (char 0)
Mftfhxs4L
Expecting value: line 1 column 1 (char 0)
Mf2hvuXxW
Expecting value: line 1 column 1 (char 0)
MeJKrxOQK
Expecting value: line 1 column 1 (char 0)
MeJK9j9kE
Expecting value: line 2 column 3 (char 3)
MeJJi91hx
Expecting value: line 2 column 3 (char 3)
MgxdNi2dH
Expecting value: line 1 column 1 (char 0)
MgxbzxKkY
Expecting value: line 1 column 1 (char 0)
MfChYqDtA
Expecting value: line 1 column 1 (char 0)
Mft6p954q
Expecting value: line 2 column 3 (char 3)
MeSVt1Iwk
Expecting value: line 2 column 3 (char 3)
Mgozu88g5
Expecting value: line 1 column 1 (char 0)
MfVu1olCn
Expecting value: line 1 column 1 (char 0)
Mfb1W3CN8
Expecting value: line 1 column 1 (char 0)
MeJHazQHO
Expecting value: line 2 column 3 (char 3)
MfV8oEVQg
Expecting value: line 1 column 1 (char 0)
MfBqq0aaq
Expecting value: line 2 column 3 (char 3)
MfBeX7jPU
Expecting value: line 1 column 1 (char 0)
Mfjrz8RIV
Expecting value: line 2 column 3 (char 3)
MeApP7YN3
Expecting value: line 1 column 1 (char 0)
MgogNcT0c
Expecting value: line 1 column 1 (char 0)
MgobVgBkX
Expecting value: line 2 column 3 (char 3)
MgfBu5hGH
Expecting value: line 1 column 1 (char 0)
MfUJHclmg
Expecting value: line 2 column 3 (char 3)
MfrZtE3Wy
Expecting value: line 2 column 3 (char 3)
MfaHGvMxB
Expecting value: line 1 column 1 (char 0)
Mf1WMtGko
Expecting value: line 2 column 3 (char 3)
MgfAj1Ie1
Expecting value: line 1 column 1 (char 0)
MgnWA0XOA
Expecting value: line 1 column 1 (char 0)
MgvMSwCis
Expecting value: line 1 column 1 (char 0)
MgfzaqnDD
Expecting value: line 1 column 1 (char 0)
Mf1R5DsjN
Expecting value: line 2 column 3 (char 3)
MeJzj3uJm
Expecting value: line 1 column 1 (char 0)
MgnLJe3rx
Expecting value: line 1 column 1 (char 0)
MfiIo7nHC
Expecting value: line 2 column 3 (char 3)
Mfisw84nH
Expecting value: line 2 column 3 (char 3)
Mgv4wp6af
Expecting value: line 1 column 1 (char 0)
Mgfsjvjht
Expecting value: line 2 column 3 (char 3)
MfaoRllUZ
Expecting value: line 2 column 3 (char 3)
Mf1DZk2Hw
Expecting value: line 1 column 1 (char 0)
MeSr9kLGz
Expecting value: line 1 column 1 (char 0)
MeJxWcOVm
Expecting value: line 1 column 1 (char 0)
MgnpTitvk
Expecting value: line 2 column 3 (char 3)
MeAn6CBWQ
Expecting value: line 2 column 3 (char 3)
MgfjHgpHq
Expecting value: line 1 column 1 (char 0)
Mfa2MAZs8
Expecting value: line 1 column 1 (char 0)
MeSgEFib0
Expecting value: line 1 column 1 (char 0)
MeSexfcbR
Expecting value: line 1 column 1 (char 0)
MeSd55yl7
Expecting value: line 2 column 3 (char 3)
MgfdMgo5B
Expecting value: line 1 column 1 (char 0)
Mf9ORfTyd
Expecting value: line 2 column 3 (char 3)
Mf1tm3nLW
Expecting value: line 2 column 3 (char 3)
MeJpQbvhv
Expecting value: line 1 column 1 (char 0)
Mf9LO6Qrb
Expecting value: line 1 column 1 (char 0)
Mf1th6n6l
Expecting value: line 2 column 3 (char 3)
MeS435SVd
Expecting value: line 1 column 1 (char 0)
MeAj8gM0O
Expecting value: line 1 column 1 (char 0)
MgmTRvyiq
Expecting value: line 2 column 3 (char 3)
Mgf7pqkoE
Expecting value: line 1 column 1 (char 0)
Mf1pkFASQ
Expecting value: line 2 column 3 (char 3)
MeJlUF1si
Expecting value: line 1 column 1 (char 0)
MgmLp43Bj
Expecting value: line 1 column 1 (char 0)
MeRScboIm
Expecting value: line 2 column 3 (char 3)
Mgf19uK7i
Expecting value: line 1 column 1 (char 0)
Mf9rSmZCr
Expecting value: line 1 column 1 (char 0)
MeJjxfjWL
Expecting value: line 2 column 3 (char 3)
Mf9oBCcdA
Expecting value: line 1 column 1 (char 0)
Mf9mJaKGm
Expecting value: line 2 column 3 (char 3)
Mf1j4rjmC
Expecting value: line 1 column 1 (char 0)
MeRLwgJlK
Expecting value: line 1 column 1 (char 0)
MeJhKa9hs
Expecting value: line 2 column 3 (char 3)
MgeVaE7mQ
Expecting value: line 2 column 3 (char 3)
Mf1bCf7dj
Expecting value: line 1 column 1 (char 0)
Mf196g9g3
Expecting value: line 2 column 3 (char 3)
MeJgIjoqe
Expecting value: line 1 column 1 (char 0)
Mf92S9zRg
Expecting value: line 1 column 1 (char 0)
MeJdUiUtK
Expecting value: line 2 column 3 (char 3)
Mgm0TFj10
Expecting value: line 2 column 3 (char 3)
Mf0WQgTh5
Expecting value: line 1 column 1 (char 0)
MeRxnb8yb
Expecting value: line 1 column 1 (char 0)
MeAgTB32Q
Expecting value: line 1 column 1 (char 0)
MglXWqTtk
Expecting value: line 1 column 1 (char 0)
MglQAvjBM
Expecting value: line 2 column 3 (char 3)
MgeO75coz
Expecting value: line 2 column 3 (char 3)
Mf8Jk37n3
Expecting value: line 1 column 1 (char 0)
MglNgxOch
Expecting value: line 1 column 1 (char 0)
Mf8FImPFL
Expecting value: line 2 column 3 (char 3)
MgeJ7DUiC
Expecting value: line 2 column 3 (char 3)
MgeIVc7zj
Expecting value: line 1 column 1 (char 0)
MgeIwshI5
Expecting value: line 1 column 1 (char 0)
Mf8A9dH0X
Expecting value: line 1 column 1 (char 0)
MglzPtU27
Expecting value: line 1 column 1 (char 0)
Mf0vXnvkQ
Expecting value: line 2 column 3 (char 3)
MeRe0nMbL
Expecting value: line 1 column 1 (char 0)
Mf8kxcTh1
Expecting value: line 2 column 3 (char 3)
MeR2ywWXK
Expecting value: line 2 column 3 (char 3)
MeAcH4i2v
Expecting value: line 1 column 1 (char 0)
MeAay2GzU
Expecting value: line 1 column 1 (char 0)
Mglkycu0e
Expecting value: line 2 column 3 (char 3)
Mf7SFaEds
Expecting value: line 1 column 1 (char 0)
Mf05UgcG1
Expecting value: line 1 column 1 (char 0)
MeJ22xoNv
Expecting value: line 1 column 1 (char 0)
MeA8WqyfN
Expecting value: line 2 column 3 (char 3)
Mgl21mfHF
Expecting value: line 2 column 3 (char 3)
Mgl1xupYL
Expecting value: line 1 column 1 (char 0)
Mgev33KQA
Expecting value: line 2 column 3 (char 3)
MgkWgEn96
Expecting value: line 1 column 1 (char 0)
MgeuHdUGl
Expecting value: line 2 column 3 (char 3)
MeA62vqZi
Expecting value: line 1 column 1 (char 0)
MeIKy0KwU
Expecting value: line 1 column 1 (char 0)
MeIK4fuT6
Expecting value: line 1 column 1 (char 0)
MeIJHs1E3
Expecting value: line 2 column 3 (char 3)
MeA5Q9bh6
Expecting value: line 2 column 3 (char 3)
MggaiB0TX
Expecting value: line 1 column 1 (char 0)
MflyStcLZ
Expecting value: line 1 column 1 (char 0)
Mfcb94QYD
Expecting value: line 1 column 1 (char 0)
MeTlAigiI
Expecting value: line 1 column 1 (char 0)
MehBOozoQ
Expecting value: line 2 column 3 (char 3)
MfNGo06nw
Expecting value: line 1 column 1 (char 0)
MfuMPjwrU
Expecting value: line 1 column 1 (char 0)
Mfll1wMg9
Expecting value: line 1 column 1 (char 0)
Mfc66E3QX
Expecting value: line 2 column 3 (char 3)
Mf2Dr6Rtj
Expecting value: line 2 column 3 (char 3)
MeThVFLEH
Expecting value: line 2 column 3 (char 3)
MeAuMqxTC
Expecting value: line 1 column 1 (char 0)
MgyHtCtW1
Expecting value: line 1 column 1 (char 0)
MfWWAgmEh
Expecting value: line 1 column 1 (char 0)
Mflgp9Ik1
Expecting value: line 2 column 3 (char 3)
Mf2zJfsKO
Expecting value: line 1 column 1 (char 0)
Meqfw1ZEs
Expecting value: line 2 column 3 (char 3)
Meq5632ux
Expecting value: line 1 column 1 (char 0)
MegDshY1g
Expecting value: line 1 column 1 (char 0)
MfbUCjSrk
Expecting value: line 2 column 3 (char 3)
MeAtL88AK
Expecting value: line 1 column 1 (char 0)
MepRzEKOU
Expecting value: line 2 column 3 (char 3)
MgpsTfXZR
Expecting value: line 1 column 1 (char 0)
MgfVJ0oYY
Expecting value: line 1 column 1 (char 0)
Mg5yn8Aet
Expecting value: line 2 column 3 (char 3)
MfWvVBc0V
Expecting value: line 2 column 3 (char 3)
MftR6334i
Expecting value: line 1 column 1 (char 0)
MeT9wEcek
Expecting value: line 1 column 1 (char 0)
MeT8SfRn3
Expecting value: line 2 column 3 (char 3)
MeAthEtP2
Expecting value: line 2 column 3 (char 3)
Meox0yyVP
Expecting value: line 1 column 1 (char 0)
MfWewpJUk
Expecting value: line 1 column 1 (char 0)
MftEhr4aI
Expecting value: line 1 column 1 (char 0)
Mf2pn73M2
Expecting value: line 2 column 3 (char 3)
MeAs5q3N0
Expecting value: line 1 column 1 (char 0)
MgfNcDIs6
Expecting value: line 2 column 3 (char 3)
Mg5eiuz6K
Expecting value: line 1 column 1 (char 0)
MeJLAeEgK
Expecting value: line 1 column 1 (char 0)
MeArPb30a
Expecting value: line 2 column 3 (char 3)
Mgxo6pPdq
Expecting value: line 2 column 3 (char 3)
Mg4L9eIku
Expecting value: line 1 column 1 (char 0)
MfCva3iXG
Expecting value: line 1 column 1 (char 0)
MeJJEda7t
Expecting value: line 1 column 1 (char 0)
MgfLglIxU
Expecting value: line 2 column 3 (char 3)
Mfbh5sUl1
Expecting value: line 1 column 1 (char 0)
MgfF40d8y
Expecting value: line 2 column 3 (char 3)
Mf25XkcLN
Expecting value: line 1 column 1 (char 0)
MeSSuB7vG
Expecting value: line 1 column 1 (char 0)
MgfF2t7YX
Expecting value: line 2 column 3 (char 3)
MfjtUcWga
Expecting value: line 2 column 3 (char 3)
Mfjp9ziKS
Expecting value: line 1 column 1 (char 0)
MfaVG4K5L
Expecting value: line 1 column 1 (char 0)
MeSJC7fqD
Expecting value: line 1 column 1 (char 0)
Mgwn5aENB
Expecting value: line 2 column 3 (char 3)
MgfAUx8GY
Expecting value: line 1 column 1 (char 0)
Mf1X06y7Q
Expecting value: line 1 column 1 (char 0)
Mf1VYxohU
Expecting value: line 2 column 3 (char 3)
MeSH9zh6B
Expecting value: line 1 column 1 (char 0)
MfUpncxOO
Expecting value: line 2 column 3 (char 3)
MfrH8nG4y
Expecting value: line 1 column 1 (char 0)
MeJBx24Oy
Expecting value: line 2 column 3 (char 3)
MgvXSgXtf
Expecting value: line 1 column 1 (char 0)
MfiXBDKa2
Expecting value: line 1 column 1 (char 0)
MgvnL0xOz
Expecting value: line 2 column 3 (char 3)
MgvhodMom
Expecting value: line 2 column 3 (char 3)
Mgfv2eY72
Expecting value: line 1 column 1 (char 0)
MeSnwc1GS
Expecting value: line 1 column 1 (char 0)
MeSh0vapg
Expecting value: line 1 column 1 (char 0)
MeAkWe3qr
Expecting value: line 2 column 3 (char 3)
Mgfg7FkdT
Expecting value: line 2 column 3 (char 3)
Mf9UKp4EK
Expecting value: line 2 column 3 (char 3)
MeSdGg2qZ
Expecting value: line 1 column 1 (char 0)
MeSciAxD1
Expecting value: line 2 column 3 (char 3)
Mf9OZqIMI
Expecting value: line 1 column 1 (char 0)
Mgf8hAiB4
Expecting value: line 1 column 1 (char 0)
Mgf6Tf04l
Expecting value: line 2 column 3 (char 3)
MeJmoebmG
Expecting value: line 1 column 1 (char 0)
MeAkaDqv0
Expecting value: line 1 column 1 (char 0)
MeAjGxgl3
Expecting value: line 1 column 1 (char 0)
MgmOGA7XF
Expecting value: line 1 column 1 (char 0)
Mf9EBkOsm
Expecting value: line 2 column 3 (char 3)
MgmDue8GU
Expecting value: line 2 column 3 (char 3)
MeRNQpkIP
Expecting value: line 2 column 3 (char 3)
MeJj1igXP
Expecting value: line 1 column 1 (char 0)
Mf9kxwJ6s
Expecting value: line 1 column 1 (char 0)
MeRLP9gvD
Expecting value: line 1 column 1 (char 0)
MeRLnpSEo
Expecting value: line 2 column 3 (char 3)
Mgmve7ND7
Expecting value: line 1 column 1 (char 0)
MgeVi4K72
Expecting value: line 2 column 3 (char 3)
MeJej3SXP
Expecting value: line 1 column 1 (char 0)
Mf8TE5eNI
Expecting value: line 2 column 3 (char 3)
Mf0Yx8JIP
Expecting value: line 1 column 1 (char 0)
MeAgV880z
Expecting value: line 2 column 3 (char 3)
MgeNAxCFD
Expecting value: line 1 column 1 (char 0)
MeRq4vxCl
Expecting value: line 1 column 1 (char 0)
Mf8rAxxFS
Expecting value: line 1 column 1 (char 0)
MeRhiwARY
Expecting value: line 2 column 3 (char 3)
MeRa36boj
Expecting value: line 2 column 3 (char 3)
MeJ8czsRe
Expecting value: line 1 column 1 (char 0)
MeJ7R2xod
Expecting value: line 2 column 3 (char 3)
MgeDCnwLS
Expecting value: line 1 column 1 (char 0)
Mf0q5Cmlg
Expecting value: line 2 column 3 (char 3)
MeR2BeS8d
Expecting value: line 1 column 1 (char 0)
MgezBgsvr
Expecting value: line 1 column 1 (char 0)
MeQWc4gaY
Expecting value: line 2 column 3 (char 3)
MeQVZ5gfn
Expecting value: line 1 column 1 (char 0)
MeQUeChe9
Expecting value: line 1 column 1 (char 0)
MeJ2mBTCK
Expecting value: line 2 column 3 (char 3)
MeZXK1cnv
Expecting value: line 1 column 1 (char 0)
MeZR0xAbm
Expecting value: line 2 column 3 (char 3)
MeA8CCzqo
Expecting value: line 1 column 1 (char 0)
MeZtI7qUe
Expecting value: line 1 column 1 (char 0)
MeIV56jdY
Expecting value: line 1 column 1 (char 0)
MeIUWfssO
Expecting value: line 1 column 1 (char 0)
MgeuVlycC
Expecting value: line 2 column 3 (char 3)
MeIOcqVf1
Expecting value: line 2 column 3 (char 3)
MeIObeZFV
Expecting value: line 1 column 1 (char 0)
MeINFBKlS
Expecting value: line 1 column 1 (char 0)
MeILIqxqc
Expecting value: line 1 column 1 (char 0)
MeA687mPs
Expecting value: line 2 column 3 (char 3)
MeIIMqfEE
Expecting value: line 1 column 1 (char 0)
MeA4jxlyp
Expecting value: line 2 column 3 (char 3)
MfltZAnsb
Expecting value: line 2 column 3 (char 3)
Mer17oi2R
Expecting value: line 1 column 1 (char 0)
MgyM0Cb4O
Expecting value: line 2 column 3 (char 3)
MfNxPgEmV
Expecting value: line 1 column 1 (char 0)
Mfc1hlhkd
Expecting value: line 1 column 1 (char 0)
Mg68W8nVJ
Expecting value: line 1 column 1 (char 0)
MfNbahdJu
Expecting value: line 2 column 3 (char 3)
MfDIfgiWS
Expecting value: line 2 column 3 (char 3)
MeAtIxV74
Expecting value: line 1 column 1 (char 0)
MgfRpf9jR
Expecting value: line 1 column 1 (char 0)
MgfPtBOVA
Expecting value: line 1 column 1 (char 0)
MfW7shlo7
Expecting value: line 2 column 3 (char 3)
MeT0EeJbC
Expecting value: line 1 column 1 (char 0)
Mg46Tdric
Expecting value: line 1 column 1 (char 0)
Mfbds0pli
Expecting value: line 2 column 3 (char 3)
Mfb8QgUTO
Expecting value: line 1 column 1 (char 0)
MfVuj615N
Expecting value: line 2 column 3 (char 3)
MfjB3bGC0
Expecting value: line 2 column 3 (char 3)
MfVhol8dN
Expecting value: line 1 column 1 (char 0)
MfUTzbjoJ
Expecting value: line 2 column 3 (char 3)
MfiNfcCFd
Expecting value: line 1 column 1 (char 0)
MgfwmFiJJ
Expecting value: line 2 column 3 (char 3)
Mf1JRFtRX
Expecting value: line 1 column 1 (char 0)
MgnxCfOzV
Expecting value: line 1 column 1 (char 0)
MfhXQ7z4N
Expecting value: line 1 column 1 (char 0)
Mfakx4bi5
Expecting value: line 2 column 3 (char 3)
MgnsZidYs
Expecting value: line 1 column 1 (char 0)
MgnmJ68JD
Expecting value: line 1 column 1 (char 0)
Mf9UJefNM
Expecting value: line 2 column 3 (char 3)
Mgfe1yP3y
Expecting value: line 2 column 3 (char 3)
MgfdHumGl
Expecting value: line 1 column 1 (char 0)
Mf9KcgrAx
Expecting value: line 1 column 1 (char 0)
MeAjmrHMj
Expecting value: line 1 column 1 (char 0)
MeRN9limX
Expecting value: line 1 column 1 (char 0)
MeJjcvTMo
Expecting value: line 2 column 3 (char 3)
MgeVP773M
Expecting value: line 2 column 3 (char 3)
MeJhvnzsN
Expecting value: line 2 column 3 (char 3)
MeAgCw58k
Expecting value: line 1 column 1 (char 0)
Mf8JSDp2f
Expecting value: line 1 column 1 (char 0)
MeJctBI1L
Expecting value: line 2 column 3 (char 3)
MgeLt35mt
Expecting value: line 1 column 1 (char 0)
Mf8IgqY3P
Expecting value: line 1 column 1 (char 0)
MeRmgoBgf
Expecting value: line 1 column 1 (char 0)
MgeJ8fx6X
Expecting value: line 2 column 3 (char 3)
MgeGwgquu
Expecting value: line 2 column 3 (char 3)
MeJ7OkCJJ
Expecting value: line 2 column 3 (char 3)
MeAcPinjQ
Expecting value: line 1 column 1 (char 0)
MgeCgnSWn
Expecting value: line 1 column 1 (char 0)
Mf0af90Zt
Expecting value: line 1 column 1 (char 0)
MeR0WDf9b
Expecting value: line 2 column 3 (char 3)
MeIZi1vqS
Expecting value: line 2 column 3 (char 3)
Mgewnu6O6
Expecting value: line 1 column 1 (char 0)
Mgew3F3eS
Expecting value: line 1 column 1 (char 0)
MeQLQyl4c
Expecting value: line 1 column 1 (char 0)
MeA8fmvrQ
Expecting value: line 2 column 3 (char 3)
MgkXZ4o2w
Expecting value: line 1 column 1 (char 0)
MgeuyhyT7
Expecting value: line 1 column 1 (char 0)
MeQCWj5Tz
Expecting value: line 2 column 3 (char 3)
MeA6ZAcgh
Expecting value: line 1 column 1 (char 0)
MgeqIrsWU
Expecting value: line 2 column 3 (char 3)
MgepkcL9y
Expecting value: line 1 column 1 (char 0)
MggbaDhRU
Expecting value: line 2 column 3 (char 3)
MflAu39DM
Expecting value: line 1 column 1 (char 0)
Mg6rYAvpB
Expecting value: line 1 column 1 (char 0)
Mf2w138BI
Expecting value: line 2 column 3 (char 3)
MeTdZhqsg
Expecting value: line 1 column 1 (char 0)
MeT8v8Bqs
Expecting value: line 1 column 1 (char 0)
MeAtmEM6X
Expecting value: line 1 column 1 (char 0)
MgpkkeVh0
Expecting value: line 1 column 1 (char 0)
MeJNc7ijA
Expecting value: line 2 column 3 (char 3)
MeAsvbWJF
Expecting value: line 2 column 3 (char 3)
MfMiNuSR1
Expecting value: line 2 column 3 (char 3)
MftuOkLpk
Expecting value: line 1 column 1 (char 0)
Mfkfx4738
Expecting value: line 1 column 1 (char 0)
Mg3Xvq7Zw
Expecting value: line 2 column 3 (char 3)
Mft5ooMCJ
Expecting value: line 1 column 1 (char 0)
MeAqQiH3u
Expecting value: line 2 column 3 (char 3)
Mg3x9DtST
Expecting value: line 1 column 1 (char 0)
MeJE56eFb
Expecting value: line 1 column 1 (char 0)
MfUTny9wh
Expecting value: line 2 column 3 (char 3)
Mfr5lo448
Expecting value: line 2 column 3 (char 3)
MgvgIio8t
Expecting value: line 1 column 1 (char 0)
Mfaplc7ms
Expecting value: line 1 column 1 (char 0)
MguVq5bZG
Expecting value: line 1 column 1 (char 0)
MeAmMfrHf
Expecting value: line 2 column 3 (char 3)
MgnoleaXO
Expecting value: line 1 column 1 (char 0)
MeJtkaGa5
Expecting value: line 2 column 3 (char 3)
Mf1u817W7
Expecting value: line 1 column 1 (char 0)
Mgf5fzS1M
Expecting value: line 1 column 1 (char 0)
MeJls5XpF
Expecting value: line 1 column 1 (char 0)
Mf9qAzU02
Expecting value: line 2 column 3 (char 3)
MeRIpkpSK
Expecting value: line 1 column 1 (char 0)
MeAeQeFpN
Expecting value: line 1 column 1 (char 0)
MeJcEjrS6
Expecting value: line 2 column 3 (char 3)
MgeM14bx6
Expecting value: line 1 column 1 (char 0)
Mf8qQqGug
Expecting value: line 1 column 1 (char 0)
Mf0ApEtXS
Expecting value: line 2 column 3 (char 3)
Mglx7DrpI
Expecting value: line 2 column 3 (char 3)
Mf8kEhhFB
Expecting value: line 1 column 1 (char 0)
MgeD1aOCJ
Expecting value: line 1 column 1 (char 0)
Mf0cEBJlz
Expecting value: line 2 column 3 (char 3)
MeQXajQDW
Expecting value: line 1 column 1 (char 0)
MeQOu09SI
Expecting value: line 2 column 3 (char 3)
MeJVLD9mg
Expecting value: line 1 column 1 (char 0)
Mehrts72g
Expecting value: line 1 column 1 (char 0)
Mg6nMyxKd
Expecting value: line 1 column 1 (char 0)
MfNGlFi9K
Expecting value: line 2 column 3 (char 3)
MgfVBg0X4
Expecting value: line 2 column 3 (char 3)
MfbFrt000
Expecting value: line 1 column 1 (char 0)
MeoCerggc
Expecting value: line 1 column 1 (char 0)
MgxNSbFRI
Expecting value: line 1 column 1 (char 0)
MeT5JrBqf
Expecting value: line 2 column 3 (char 3)
MeJLuhPwz
Expecting value: line 2 column 3 (char 3)
MgoVX6c6z
Expecting value: line 2 column 3 (char 3)
MfCpKqNEp
Expecting value: line 1 column 1 (char 0)
MfLu1CdzO
Expecting value: line 2 column 3 (char 3)
MfaKgF7W2
Expecting value: line 1 column 1 (char 0)
MeJAE7Gkg
Expecting value: line 2 column 3 (char 3)
MeStwtYFs
Expecting value: line 1 column 1 (char 0)
MeSsrrDqi
Expecting value: line 1 column 1 (char 0)
MeJxMtPVp
Expecting value: line 2 column 3 (char 3)
MgnecrT0N
Expecting value: line 1 column 1 (char 0)
MeS305otw
Expecting value: line 1 column 1 (char 0)
MeAjfCJVC
Expecting value: line 1 column 1 (char 0)
MgeSku3HG
Expecting value: line 2 column 3 (char 3)
MeRwAu2wl
Expecting value: line 2 column 3 (char 3)
MeRqGm5VN
Expecting value: line 1 column 1 (char 0)
Mf8AnoCRF
Expecting value: line 1 column 1 (char 0)
MglmhunR4
Expecting value: line 1 column 1 (char 0)
MeA6MBcoM
Expecting value: line 2 column 3 (char 3)
Mgz3LlRhX
Expecting value: line 1 column 1 (char 0)
MeqkY2lRA
Expecting value: line 1 column 1 (char 0)
MegoWwy69
Expecting value: line 2 column 3 (char 3)
MfDkUvkpl
Expecting value: line 1 column 1 (char 0)
MfDiLfsOh
Expecting value: line 1 column 1 (char 0)
MfLYd40vO
Expecting value: line 1 column 1 (char 0)
MeT4QfAHg
Expecting value: line 2 column 3 (char 3)
Mg4ElzE6x
Expecting value: line 2 column 3 (char 3)
Mg3Wc9xjJ
Expecting value: line 2 column 3 (char 3)
Mgo82EbyX
Expecting value: line 1 column 1 (char 0)
MgftbjgS2
Expecting value: line 1 column 1 (char 0)
MguU5goDh
Expecting value: line 1 column 1 (char 0)
Mfi5UF87x
Expecting value: line 2 column 3 (char 3)
Mf1DjmpIS
Expecting value: line 2 column 3 (char 3)
MeAmvatFq
Expecting value: line 1 column 1 (char 0)
MgnbNrN8D
Expecting value: line 1 column 1 (char 0)
MeSbPnEpz
Expecting value: line 1 column 1 (char 0)
MeS0Fl7yX
Expecting value: line 2 column 3 (char 3)
MeAjvgljg
Expecting value: line 2 column 3 (char 3)
MgmoQdxyh
Expecting value: line 1 column 1 (char 0)
MeAhHzy2W
Expecting value: line 1 column 1 (char 0)
MeJcR1Wdx
Expecting value: line 1 column 1 (char 0)
MeJcfsXEQ
Expecting value: line 2 column 3 (char 3)
MeAfV2KQ4
Expecting value: line 2 column 3 (char 3)
Mf0083FHO
Expecting value: line 1 column 1 (char 0)
MeA6rDuKT
Expecting value: line 1 column 1 (char 0)
MeTepej9g
Expecting value: line 2 column 3 (char 3)
MepsriJ6F
Expecting value: line 1 column 1 (char 0)
MfbKenS9x
Expecting value: line 2 column 3 (char 3)
MeT0vzZ4x
Expecting value: line 1 column 1 (char 0)
MgfeWldIR
Expecting value: line 1 column 1 (char 0)
MgmWk0cnq
Expecting value: line 2 column 3 (char 3)
MeRX81wsE
Expecting value: line 2 column 3 (char 3)
MeJdPwVZs
Expecting value: line 1 column 1 (char 0)
MeJdrmvf3
Expecting value: line 1 column 1 (char 0)
MeJaRc4x5
Expecting value: line 1 column 1 (char 0)
MeJ8iqNcJ
Expecting value: line 2 column 3 (char 3)
MeIZGuBy8
Expecting value: line 1 column 1 (char 0)
MeZtb2RKV
Expecting value: line 1 column 1 (char 0)
MfcbXfsqp
Expecting value: line 1 column 1 (char 0)
MeAuH7xSA
Expecting value: line 2 column 3 (char 3)
MfDwXhi4g
Expecting value: line 2 column 3 (char 3)
MgfPbgyhp
Expecting value: line 2 column 3 (char 3)
MeArj1UBB
Expecting value: line 1 column 1 (char 0)
MeAqA5TaN
Expecting value: line 1 column 1 (char 0)
MfaBs6cro
Expecting value: line 2 column 3 (char 3)
MeAjBc67w
Expecting value: line 2 column 3 (char 3)
Mgmw51r8F
Expecting value: line 1 column 1 (char 0)
Mf8vZliGo
Expecting value: line 1 column 1 (char 0)
MeJ8yaZvV
Expecting value: line 1 column 1 (char 0)
MeJ7okrkE
Expecting value: line 1 column 1 (char 0)
MeR352lba
Expecting value: line 2 column 3 (char 3)
MeITOeEhD
Expecting value: line 1 column 1 (char 0)
MeA4d0cXM
Expecting value: line 1 column 1 (char 0)
MgyD1mCON
Expecting value: line 1 column 1 (char 0)
MeAuhFsdT
Expecting value: line 1 column 1 (char 0)
Mf2tgfnjC
Expecting value: line 2 column 3 (char 3)
MeArsqQ0S
Expecting value: line 2 column 3 (char 3)
MeT0ew76C
Expecting value: line 1 column 1 (char 0)
MeAq3gJGF
Expecting value: line 1 column 1 (char 0)
MgfDD1ogq
Expecting value: line 2 column 3 (char 3)
MfhKSn8Rt
Expecting value: line 1 column 1 (char 0)
Mf1vbzH8k
Expecting value: line 2 column 3 (char 3)
MeJor0gDe
Expecting value: line 1 column 1 (char 0)
MeRTcwbgq
Expecting value: line 2 column 3 (char 3)
MeJeNceNs
Expecting value: line 1 column 1 (char 0)
Mf0TA8SXU
Expecting value: line 2 column 3 (char 3)
Mf0HG1Gly
Expecting value: line 1 column 1 (char 0)
MeJ5UsHZa
Expecting value: line 2 column 3 (char 3)
MglkPExcX
Expecting value: line 1 column 1 (char 0)
MeZVOCd6q
Expecting value: line 1 column 1 (char 0)
MeA8Zq39j
Expecting value: line 2 column 3 (char 3)
MeQFFBXOq
Expecting value: line 1 column 1 (char 0)
Mgesra92o
Expecting value: line 2 column 3 (char 3)
MgypGAqIL
Expecting value: line 1 column 1 (char 0)
MeArYkAHZ
Expecting value: line 1 column 1 (char 0)
Mg3QLAvsY
Expecting value: line 1 column 1 (char 0)
Mgvg5khqJ
Expecting value: line 2 column 3 (char 3)
MeSu77wjC
Expecting value: line 2 column 3 (char 3)
MeJrsjw29
Expecting value: line 1 column 1 (char 0)
Mf9EfpsUS
Expecting value: line 1 column 1 (char 0)
MgmGkBoyp
Expecting value: line 1 column 1 (char 0)
Mgmj1nvkL
Expecting value: line 2 column 3 (char 3)
MeRz02tBR
Expecting value: line 1 column 1 (char 0)
MglTdknyn
Expecting value: line 1 column 1 (char 0)
MeJ2ackDk
Expecting value: line 2 column 3 (char 3)
MeJUB2nl6
Expecting value: line 2 column 3 (char 3)
MeTf0teaL
Expecting value: line 1 column 1 (char 0)
Mg51ubxzu
Expecting value: line 1 column 1 (char 0)
MfKIHqmWh
Expecting value: line 1 column 1 (char 0)
MgfvR4xJB
Expecting value: line 2 column 3 (char 3)
MeArIrzRE
Expecting value: line 2 column 3 (char 3)
MeJAznS7E
Expecting value: line 2 column 3 (char 3)
Mfau9mdDs
Expecting value: line 1 column 1 (char 0)
Mgn7N1QGP
Expecting value: line 1 column 1 (char 0)
MgeTnfbl2
Expecting value: line 2 column 3 (char 3)
MglmEezaM
Expecting value: line 2 column 3 (char 3)
Mgl66AmdS
Expecting value: line 1 column 1 (char 0)
MeQLfnOZZ
Expecting value: line 1 column 1 (char 0)
MgeoZdWm4
Expecting value: line 1 column 1 (char 0)
MeJzLFSvN
Expecting value: line 2 column 3 (char 3)
Mf9OSCR2o
Expecting value: line 2 column 3 (char 3)
MeJnVn12o
Expecting value: line 1 column 1 (char 0)
Mf9zbCQ0E
Expecting value: line 1 column 1 (char 0)
Mf1jbcZG2
Expecting value: line 1 column 1 (char 0)
MeAcIsjU7
Expecting value: line 2 column 3 (char 3)
MeJ0lChSU
Expecting value: line 2 column 3 (char 3)
MeT9L85mp
Expecting value: line 1 column 1 (char 0)
MgfqYscZ4
Expecting value: line 1 column 1 (char 0)
MgfpWkWsR
Expecting value: line 2 column 3 (char 3)
MeRI0cnck
Expecting value: line 2 column 3 (char 3)
MeRBzhtgO
Expecting value: line 1 column 1 (char 0)
Mfas63a73
Expecting value: line 1 column 1 (char 0)
Mf1tUDGOy
Expecting value: line 1 column 1 (char 0)
MeIZfA65z
Expecting value: line 1 column 1 (char 0)
MeIYazTKT
Expecting value: line 2 column 3 (char 3)
MfuN4nH7F
Expecting value: line 1 column 1 (char 0)
MeAnUyUfD
Expecting value: line 2 column 3 (char 3)
MeAldnqdw
Expecting value: line 1 column 1 (char 0)
MgeZUDTi2
Expecting value: line 1 column 1 (char 0)
Mf8kOorVV
Expecting value: line 2 column 3 (char 3)
Mg5Vuzpdu
Expecting value: line 1 column 1 (char 0)
MgfzT4NWs
Expecting value: line 2 column 3 (char 3)
Mgf9rms94
Expecting value: line 1 column 1 (char 0)
MeJow1DFD
Expecting value: line 2 column 3 (char 3)
Mf8BkxNrR
Expecting value: line 1 column 1 (char 0)
MeIWt5Amg
Expecting value: line 1 column 1 (char 0)
MfupR4snY
Expecting value: line 1 column 1 (char 0)
Mfuehidfq
Expecting value: line 2 column 3 (char 3)
MgevgoMku
Expecting value: line 1 column 1 (char 0)
MfE8Fb56M
Expecting value: line 1 column 1 (char 0)
MftGL5uaW
Expecting value: line 1 column 1 (char 0)
MfbkKroZm
Expecting value: line 1 column 1 (char 0)
MeJBZq8sQ
Expecting value: line 1 column 1 (char 0)
MeRz3tujz
Expecting value: line 2 column 3 (char 3)
MeAai34gH
Expecting value: line 2 column 3 (char 3)
Mf1pVi1tv
Expecting value: line 1 column 1 (char 0)
MglzCziOa
Expecting value: line 2 column 3 (char 3)
MeJLvvXRK
Expecting value: line 1 column 1 (char 0)
MgfkUDuuM
Expecting value: line 2 column 3 (char 3)
MfaexAO93
Expecting value: line 2 column 3 (char 3)
MeS8Ozb0K
Expecting value: line 1 column 1 (char 0)
MeAjcoUHr
Expecting value: line 1 column 1 (char 0)
MeIWezvrG
Expecting value: line 1 column 1 (char 0)
Mf2iDhq0K
Expecting value: line 2 column 3 (char 3)
Mf10z1zJ2
Expecting value: line 1 column 1 (char 0)
MfKLDbeYx
Expecting value: line 2 column 3 (char 3)
Mf1SqlDYO
Expecting value: line 1 column 1 (char 0)
MgmqVgSwW
Expecting value: line 1 column 1 (char 0)
MgeSCimP6
Expecting value: line 2 column 3 (char 3)
MeJF7dtz7
Expecting value: line 1 column 1 (char 0)
MfhL82Xml
Expecting value: line 1 column 1 (char 0)
MeJKBDV9Q
Expecting value: line 2 column 3 (char 3)
MeSjyiOaG
Expecting value: line 2 column 3 (char 3)
Mf0WLgC56
Expecting value: line 1 column 1 (char 0)
MgeurzcrO
Expecting value: line 2 column 3 (char 3)
MgyipBPSK
Expecting value: line 1 column 1 (char 0)
MgfFCw76A
Expecting value: line 1 column 1 (char 0)
Mf8uzfJy6
Expecting value: line 2 column 3 (char 3)
Mgez1biXZ
Expecting value: line 2 column 3 (char 3)
MgCFGcBpK
Expecting value: line 1 column 1 (char 0)
MeTkisZQA
Expecting value: line 1 column 1 (char 0)
MeZmyBpPA
Expecting value: line 2 column 3 (char 3)
MeJQPvoVH
Expecting value: line 2 column 3 (char 3)
Mf0Mf3foQ
Expecting value: line 1 column 1 (char 0)
Mf0Jv9NTi
Expecting value: line 1 column 1 (char 0)
MeRoTeLGI
Expecting value: line 1 column 1 (char 0)
MeQYhvO3w
Expecting value: line 2 column 3 (char 3)
MeRHb1Utn
Expecting value: line 2 column 3 (char 3)
MeA9QiB93
Expecting value: line 1 column 1 (char 0)
MeIJAoLbi
Expecting value: line 1 column 1 (char 0)
MeR54Am36
Expecting value: line 1 column 1 (char 0)
MeAautJId
Expecting value: line 1 column 1 (char 0)
MeA7w6FdN
Expecting value: line 2 column 3 (char 3)
Mg5McCmka
Expecting value: line 1 column 1 (char 0)
MgfQ3ncfW
Expecting value: line 1 column 1 (char 0)
MeJdd8h20
Expecting value: line 2 column 3 (char 3)
MeAmtDpxR
Expecting value: line 2 column 3 (char 3)
MeAlefxNu
Expecting value: line 1 column 1 (char 0)
MeJWG5JkB
Expecting value: line 2 column 3 (char 3)
Mf9xrtV7G
Expecting value: line 1 column 1 (char 0)
Mf8JbgFiH
Expecting value: line 1 column 1 (char 0)
MgeHRmMUf
Expecting value: line 2 column 3 (char 3)
MgoaqaLGc
Expecting value: line 2 column 3 (char 3)
Mg4Zz6Aw2
Expecting value: line 1 column 1 (char 0)
Mf1CmiLOJ
Expecting value: line 1 column 1 (char 0)
MeSl9icE2
Expecting value: line 2 column 3 (char 3)
MfVWFiOaN
Expecting value: line 2 column 3 (char 3)
MfB1WEYPQ
Expecting value: line 1 column 1 (char 0)
MfLZWBhfL
Expecting value: line 1 column 1 (char 0)
MeTg9ngk4
Expecting value: line 1 column 1 (char 0)
Mgny0rlDm
Expecting value: line 2 column 3 (char 3)
Mf81wfqcI
Expecting value: line 1 column 1 (char 0)
Mf0b5EcId
Expecting value: line 1 column 1 (char 0)
MeZuiudqv
Expecting value: line 1 column 1 (char 0)
MfuuJlBKm
Expecting value: line 2 column 3 (char 3)
MeJaD2fev
Expecting value: line 1 column 1 (char 0)
MfjlF220X
Expecting value: line 2 column 3 (char 3)
MeA41aYer
Expecting value: line 1 column 1 (char 0)
MeRix1s9H
Expecting value: line 1 column 1 (char 0)
Mgo8eaJ8m
Expecting value: line 1 column 1 (char 0)
MeA4hvtGe
Expecting value: line 2 column 3 (char 3)
MeAf4rOmh
Expecting value: line 2 column 3 (char 3)
MeeYErCGL
Expecting value: line 2 column 3 (char 3)
MeJgMuR3A
Expecting value: line 1 column 1 (char 0)
Mf8bu7Tjs
Expecting value: line 1 column 1 (char 0)
MeZEO6cvX
Expecting value: line 1 column 1 (char 0)
MeT6WtLmy
Expecting value: line 2 column 3 (char 3)
Mf07C2lZI
Expecting value: line 1 column 1 (char 0)
Mflg9bc3j
Expecting value: line 1 column 1 (char 0)
MfW3SzEMq
Expecting value: line 1 column 1 (char 0)
MfCqYCIwb
Expecting value: line 2 column 3 (char 3)
MeT3NcTwa
Expecting value: line 2 column 3 (char 3)
MgmyAbzHM
Expecting value: line 2 column 3 (char 3)
MeSbDwbg7
Expecting value: line 1 column 1 (char 0)
Mepsme3EQ
Expecting value: line 2 column 3 (char 3)
Mf1D4AXCF
Expecting value: line 1 column 1 (char 0)
MgfYPjWYB
Expecting value: line 1 column 1 (char 0)
MfbqNmTHo
Expecting value: line 2 column 3 (char 3)
MeJ24iNhP
Expecting value: line 1 column 1 (char 0)
MfWEKyzIK
Expecting value: line 1 column 1 (char 0)
Mf18Ye7wk
Expecting value: line 1 column 1 (char 0)
Mf0pXBs9I
Expecting value: line 2 column 3 (char 3)
Mf1uklbuw
Expecting value: line 2 column 3 (char 3)
MeJ74wsw9
Expecting value: line 1 column 1 (char 0)
Meh4ZlnlA
Expecting value: line 2 column 3 (char 3)
Mf9Z246u4
Expecting value: line 1 column 1 (char 0)
Mf1BY68Db
Expecting value: line 2 column 3 (char 3)
Mf9xxnq3V
Expecting value: line 1 column 1 (char 0)
MeAdzqlCl
Expecting value: line 2 column 3 (char 3)
Mgfdf7qpP
Expecting value: line 1 column 1 (char 0)
MfrDyESxe
Expecting value: line 2 column 3 (char 3)
MfrBkFbPc
Expecting value: line 1 column 1 (char 0)
Mf0PZjC6t
Expecting value: line 1 column 1 (char 0)
MeA5g1PfL
Expecting value: line 2 column 3 (char 3)
Mf2voAXIW
Expecting value: line 1 column 1 (char 0)
MfiAfqkmL
Expecting value: line 1 column 1 (char 0)
MfVX4E3vV
Expecting value: line 1 column 1 (char 0)
Mf1vEgJ3S
Expecting value: line 2 column 3 (char 3)
MeAhrkyd6
Expecting value: line 1 column 1 (char 0)
Mfrse4KMC
Expecting value: line 2 column 3 (char 3)
MfN7hEMeO
Expecting value: line 1 column 1 (char 0)
Mf1DkymYN
Expecting value: line 1 column 1 (char 0)
Mf15J4Qa8
Expecting value: line 1 column 1 (char 0)
MfLqGfAqT
Expecting value: line 2 column 3 (char 3)
Mf1lD9jPs
Expecting value: line 2 column 3 (char 3)
MeTm5jRPs
Expecting value: line 1 column 1 (char 0)
Mfj7lnuHC
Expecting value: line 1 column 1 (char 0)
MeJimg5P4
Expecting value: line 2 column 3 (char 3)
MgwLbojZN
Expecting value: line 1 column 1 (char 0)
MeS6lxvGl
Expecting value: line 2 column 3 (char 3)
MglOP8eFy
Expecting value: line 2 column 3 (char 3)
MeJ3wp9vj
Expecting value: line 1 column 1 (char 0)
MeSVQ2ppY
Expecting value: line 1 column 1 (char 0)
MeA77xNOT
Expecting value: line 1 column 1 (char 0)
Mf2BUxdZ3
Expecting value: line 2 column 3 (char 3)
MeTjt4gxU
Expecting value: line 2 column 3 (char 3)
Mg6woy1rb
Expecting value: line 1 column 1 (char 0)
MeRy7gSWM
Expecting value: line 2 column 3 (char 3)
Mf1nDxg9z
Expecting value: line 1 column 1 (char 0)
Mf0DAd1JO
Expecting value: line 2 column 3 (char 3)
Mfsmo7dT4
Expecting value: line 1 column 1 (char 0)
MeZHtdCxq
Expecting value: line 1 column 1 (char 0)
MgfXnvdt0
Expecting value: line 2 column 3 (char 3)
MeAajhdAF
Expecting value: line 1 column 1 (char 0)
MeSVQmcpa
